Using pre-set license
Built from '2020.3/staging' branch; Version is '2020.3.28f1 (f5400f52e03f) revision 16072719'; Using compiler version '192528614'; Build Type 'Release'
OS: 'Windows 10  (10.0.19044) 64bit Core' Language: 'nl' Physical Memory: 14188 MB
BatchMode: 1, IsHumanControllingUs: 0, StartBugReporterOnCrash: 0, Is64bit: 1, IsPro: 0

COMMAND LINE ARGUMENTS:
C:\Program Files\Unity\Hub\Editor\2020.3.28f1\Editor\Unity.exe
-adb2
-batchMode
-noUpm
-name
AssetImportWorker0
-projectPath
C:/Users/DRTim/Downloads/AI/TilesOfMonkeyIsland/VR-test-1
-logFile
Logs/AssetImportWorker0.log
-srvPort
64147
Successfully changed project path to: C:/Users/DRTim/Downloads/AI/TilesOfMonkeyIsland/VR-test-1
C:/Users/DRTim/Downloads/AI/TilesOfMonkeyIsland/VR-test-1
Using Asset Import Pipeline V2.
Refreshing native plugins compatible for Editor in 65.65 ms, found 10 plugins.
Preloading 0 native plugins for Editor in 0.00 ms.
Initialize engine version: 2020.3.28f1 (f5400f52e03f)
[Subsystems] Discovering subsystems at path C:/Program Files/Unity/Hub/Editor/2020.3.28f1/Editor/Data/Resources/UnitySubsystems
[Subsystems] Discovering subsystems at path C:/Users/DRTim/Downloads/AI/TilesOfMonkeyIsland/VR-test-1/Assets
GfxDevice: creating device client; threaded=0
Direct3D:
    Version:  Direct3D 11.0 [level 11.1]
    Renderer: NVIDIA GeForce RTX 3060 Laptop GPU (ID=0x2560)
    Vendor:   
    VRAM:     6009 MB
    Driver:   31.0.15.2802
Initialize mono
Mono path[0] = 'C:/Program Files/Unity/Hub/Editor/2020.3.28f1/Editor/Data/Managed'
Mono path[1] = 'C:/Program Files/Unity/Hub/Editor/2020.3.28f1/Editor/Data/MonoBleedingEdge/lib/mono/unityjit'
Mono config path = 'C:/Program Files/Unity/Hub/Editor/2020.3.28f1/Editor/Data/MonoBleedingEdge/etc'
Using monoOptions --debugger-agent=transport=dt_socket,embedding=1,server=y,suspend=n,address=127.0.0.1:56140
Begin MonoManager ReloadAssembly
Registering precompiled unity dll's ...
Register platform support module: C:/Program Files/Unity/Hub/Editor/2020.3.28f1/Editor/Data/PlaybackEngines/WindowsStandaloneSupport/UnityEditor.WindowsStandalone.Extensions.dll
Registered in 0.002866 seconds.
Native extension for WindowsStandalone target not found
Refreshing native plugins compatible for Editor in 64.11 ms, found 10 plugins.
Preloading 0 native plugins for Editor in 0.00 ms.
Mono: successfully reloaded assembly
- Completed reload, in  0.715 seconds
Domain Reload Profiling:
	ReloadAssembly (715ms)
		BeginReloadAssembly (77ms)
			ExecutionOrderSort (0ms)
			DisableScriptedObjects (0ms)
			BackupInstance (0ms)
			ReleaseScriptingObjects (0ms)
			CreateAndSetChildDomain (1ms)
		EndReloadAssembly (539ms)
			LoadAssemblies (75ms)
			RebuildTransferFunctionScriptingTraits (0ms)
			SetupTypeCache (172ms)
			ReleaseScriptCaches (0ms)
			RebuildScriptCaches (35ms)
			SetupLoadedEditorAssemblies (201ms)
				LogAssemblyErrors (0ms)
				InitializePlatformSupportModulesInManaged (6ms)
				SetLoadedEditorAssemblies (0ms)
				RefreshPlugins (64ms)
				BeforeProcessingInitializeOnLoad (20ms)
				ProcessInitializeOnLoadAttributes (83ms)
				ProcessInitializeOnLoadMethodAttributes (27ms)
				AfterProcessingInitializeOnLoad (0ms)
				EditorAssembliesLoaded (0ms)
			ExecutionOrderSort2 (0ms)
			AwakeInstancesAfterBackupRestoration (0ms)
Platform modules already initialized, skipping
Registering precompiled user dll's ...
Registered in 0.010344 seconds.
Begin MonoManager ReloadAssembly
Native extension for WindowsStandalone target not found
Refreshing native plugins compatible for Editor in 67.88 ms, found 10 plugins.
Preloading 0 native plugins for Editor in 0.00 ms.
Mono: successfully reloaded assembly
- Completed reload, in  1.392 seconds
Domain Reload Profiling:
	ReloadAssembly (1393ms)
		BeginReloadAssembly (174ms)
			ExecutionOrderSort (0ms)
			DisableScriptedObjects (4ms)
			BackupInstance (0ms)
			ReleaseScriptingObjects (0ms)
			CreateAndSetChildDomain (23ms)
		EndReloadAssembly (1151ms)
			LoadAssemblies (124ms)
			RebuildTransferFunctionScriptingTraits (0ms)
			SetupTypeCache (351ms)
			ReleaseScriptCaches (0ms)
			RebuildScriptCaches (58ms)
			SetupLoadedEditorAssemblies (486ms)
				LogAssemblyErrors (0ms)
				InitializePlatformSupportModulesInManaged (4ms)
				SetLoadedEditorAssemblies (0ms)
				RefreshPlugins (68ms)
				BeforeProcessingInitializeOnLoad (96ms)
				ProcessInitializeOnLoadAttributes (295ms)
				ProcessInitializeOnLoadMethodAttributes (15ms)
				AfterProcessingInitializeOnLoad (8ms)
				EditorAssembliesLoaded (0ms)
			ExecutionOrderSort2 (0ms)
			AwakeInstancesAfterBackupRestoration (7ms)
Platform modules already initialized, skipping
========================================================================
Worker process is ready to serve import requests
Launched and connected shader compiler UnityShaderCompiler.exe after 0.08 seconds
Refreshing native plugins compatible for Editor in 1.64 ms, found 10 plugins.
Preloading 0 native plugins for Editor in 0.00 ms.
Unloading 2241 Unused Serialized files (Serialized files now loaded: 0)
System memory in use before: 96.6 MB.
System memory in use after: 96.7 MB.

Unloading 41 unused Assets to reduce memory usage. Loaded Objects now: 2667.
Total: 4.371500 ms (FindLiveObjects: 0.197000 ms CreateObjectMapping: 0.067600 ms MarkObjects: 4.011900 ms  DeleteObjects: 0.093700 ms)

AssetImportParameters requested are different than current active one (requested -> active):
  custom:framework-win-MediaFoundation: 216162199b28c13a410421893ffa2e32 -> 
  custom:video-decoder-ogg-theora: a1e56fd34408186e4bbccfd4996cb3dc -> 
  custom:container-muxer-webm: aa71ff27fc2769a1b78a27578f13a17b -> 
  custom:container-demuxer-webm: 4f35f7cbe854078d1ac9338744f61a02 -> 
  custom:container-demuxer-ogg: 62fdf1f143b41e24485cea50d1cbac27 -> 
  custom:video-encoder-webm-vp8: eb34c28f22e8b96e1ab97ce403110664 -> 
  custom:video-codec-MediaFoundation-h265: 746d11721c4dcdbdad8f713fa42b33f4 -> 
  custom:video-decoder-webm-vp8: 9c59270c3fd7afecdb556c50c9e8de78 -> 
  custom:audio-decoder-ogg-vorbis: bf7c407c2cedff20999df2af8eb42d56 -> 
  custom:audio-encoder-webm-vorbis: bf7c407c2cedff20999df2af8eb42d56 -> 
========================================================================
Received Import Request.
  path: Assets/Ishikawa1116/LOW-POLY GUNS PACK_SAMPLE/Prefabs/Black and common color/Bullet and other prop/Pistolbullet.prefab
  artifactKey: Guid(7050c910fa7f7934cbf7a468d6f75217) Importer(815301076,1909f56bfc062723c751e8b465ee728b)
Start importing Assets/Ishikawa1116/LOW-POLY GUNS PACK_SAMPLE/Prefabs/Black and common color/Bullet and other prop/Pistolbullet.prefab using Guid(7050c910fa7f7934cbf7a468d6f75217) Importer(815301076,1909f56bfc062723c751e8b465ee728b)  -> (artifact id: 'e2443d14bcb39ea642f99cf315f8a324') in 0.135772 seconds 
  Import took 0.140988 seconds .

========================================================================
Received Prepare
Registering precompiled user dll's ...
Registered in 0.015189 seconds.
Begin MonoManager ReloadAssembly
Native extension for WindowsStandalone target not found
Refreshing native plugins compatible for Editor in 1.12 ms, found 10 plugins.
Preloading 0 native plugins for Editor in 0.00 ms.
Mono: successfully reloaded assembly
- Completed reload, in  1.220 seconds
Domain Reload Profiling:
	ReloadAssembly (1221ms)
		BeginReloadAssembly (144ms)
			ExecutionOrderSort (0ms)
			DisableScriptedObjects (5ms)
			BackupInstance (0ms)
			ReleaseScriptingObjects (0ms)
			CreateAndSetChildDomain (42ms)
		EndReloadAssembly (1004ms)
			LoadAssemblies (120ms)
			RebuildTransferFunctionScriptingTraits (0ms)
			SetupTypeCache (349ms)
			ReleaseScriptCaches (1ms)
			RebuildScriptCaches (47ms)
			SetupLoadedEditorAssemblies (372ms)
				LogAssemblyErrors (0ms)
				InitializePlatformSupportModulesInManaged (4ms)
				SetLoadedEditorAssemblies (1ms)
				RefreshPlugins (1ms)
				BeforeProcessingInitializeOnLoad (102ms)
				ProcessInitializeOnLoadAttributes (243ms)
				ProcessInitializeOnLoadMethodAttributes (12ms)
				AfterProcessingInitializeOnLoad (7ms)
				EditorAssembliesLoaded (0ms)
			ExecutionOrderSort2 (0ms)
			AwakeInstancesAfterBackupRestoration (6ms)
Platform modules already initialized, skipping
Refreshing native plugins compatible for Editor in 0.94 ms, found 10 plugins.
Preloading 0 native plugins for Editor in 0.00 ms.
Unloading 2210 Unused Serialized files (Serialized files now loaded: 0)
System memory in use before: 98.1 MB.
System memory in use after: 98.2 MB.

Unloading 34 unused Assets to reduce memory usage. Loaded Objects now: 2677.
Total: 3.794100 ms (FindLiveObjects: 0.182100 ms CreateObjectMapping: 0.092800 ms MarkObjects: 3.487100 ms  DeleteObjects: 0.031100 ms)

AssetImportParameters requested are different than current active one (requested -> active):
  custom:framework-win-MediaFoundation: 216162199b28c13a410421893ffa2e32 -> 
  custom:video-decoder-ogg-theora: a1e56fd34408186e4bbccfd4996cb3dc -> 
  custom:container-muxer-webm: aa71ff27fc2769a1b78a27578f13a17b -> 
  custom:container-demuxer-webm: 4f35f7cbe854078d1ac9338744f61a02 -> 
  custom:container-demuxer-ogg: 62fdf1f143b41e24485cea50d1cbac27 -> 
  custom:video-encoder-webm-vp8: eb34c28f22e8b96e1ab97ce403110664 -> 
  custom:video-codec-MediaFoundation-h265: 746d11721c4dcdbdad8f713fa42b33f4 -> 
  custom:video-decoder-webm-vp8: 9c59270c3fd7afecdb556c50c9e8de78 -> 
  custom:audio-decoder-ogg-vorbis: bf7c407c2cedff20999df2af8eb42d56 -> 
  custom:audio-encoder-webm-vorbis: bf7c407c2cedff20999df2af8eb42d56 -> 
========================================================================
Received Import Request.
  Time since last request: 98.834279 seconds.
  path: Assets/Test Assets/Test_Rifle.prefab
  artifactKey: Guid(0c21d104c8bcd1c44bbe0a491a99feed) Importer(815301076,1909f56bfc062723c751e8b465ee728b)
Start importing Assets/Test Assets/Test_Rifle.prefab using Guid(0c21d104c8bcd1c44bbe0a491a99feed) Importer(815301076,1909f56bfc062723c751e8b465ee728b)  -> (artifact id: 'aac336f9bc7c98745cc8c6659fc98065') in 0.105564 seconds 
  Import took 0.110879 seconds .

========================================================================
Received Import Request.
  Time since last request: 0.000268 seconds.
  path: Assets/Test Assets/Lever.prefab
  artifactKey: Guid(3c3c0982e09f2524f9a3ee240af0834b) Importer(815301076,1909f56bfc062723c751e8b465ee728b)
Start importing Assets/Test Assets/Lever.prefab using Guid(3c3c0982e09f2524f9a3ee240af0834b) Importer(815301076,1909f56bfc062723c751e8b465ee728b)  -> (artifact id: 'b8b1fd6d5169cdd3e73974f1385aa12e') in 0.030089 seconds 
  Import took 0.036388 seconds .

========================================================================
Received Import Request.
  Time since last request: 3.375879 seconds.
  path: Assets/Test Assets/Test_Rifle_Bulllet.prefab
  artifactKey: Guid(eff8a4386d73b394e8ca931cda37cad9) Importer(815301076,1909f56bfc062723c751e8b465ee728b)
Start importing Assets/Test Assets/Test_Rifle_Bulllet.prefab using Guid(eff8a4386d73b394e8ca931cda37cad9) Importer(815301076,1909f56bfc062723c751e8b465ee728b)  -> (artifact id: '330de4cc524437560c5e987d3db19c1d') in 0.019732 seconds 
  Import took 0.024960 seconds .

========================================================================
Received Import Request.
  Time since last request: 2.027770 seconds.
  path: Assets/Test Assets/Test_Rifle_Bulllet.prefab
  artifactKey: Guid(eff8a4386d73b394e8ca931cda37cad9) Importer(815301076,1909f56bfc062723c751e8b465ee728b)
Start importing Assets/Test Assets/Test_Rifle_Bulllet.prefab using Guid(eff8a4386d73b394e8ca931cda37cad9) Importer(815301076,1909f56bfc062723c751e8b465ee728b)  -> (artifact id: '3e97be485158df63a18ea5b5fc0fcd2e') in 0.012813 seconds 
  Import took 0.018095 seconds .

========================================================================
Received Prepare
Registering precompiled user dll's ...
Registered in 0.017599 seconds.
Begin MonoManager ReloadAssembly
Native extension for WindowsStandalone target not found
Refreshing native plugins compatible for Editor in 1.12 ms, found 10 plugins.
Preloading 0 native plugins for Editor in 0.00 ms.
Mono: successfully reloaded assembly
- Completed reload, in  1.285 seconds
Domain Reload Profiling:
	ReloadAssembly (1285ms)
		BeginReloadAssembly (155ms)
			ExecutionOrderSort (0ms)
			DisableScriptedObjects (6ms)
			BackupInstance (0ms)
			ReleaseScriptingObjects (0ms)
			CreateAndSetChildDomain (45ms)
		EndReloadAssembly (1051ms)
			LoadAssemblies (137ms)
			RebuildTransferFunctionScriptingTraits (0ms)
			SetupTypeCache (363ms)
			ReleaseScriptCaches (1ms)
			RebuildScriptCaches (51ms)
			SetupLoadedEditorAssemblies (389ms)
				LogAssemblyErrors (0ms)
				InitializePlatformSupportModulesInManaged (6ms)
				SetLoadedEditorAssemblies (1ms)
				RefreshPlugins (1ms)
				BeforeProcessingInitializeOnLoad (113ms)
				ProcessInitializeOnLoadAttributes (249ms)
				ProcessInitializeOnLoadMethodAttributes (12ms)
				AfterProcessingInitializeOnLoad (7ms)
				EditorAssembliesLoaded (0ms)
			ExecutionOrderSort2 (0ms)
			AwakeInstancesAfterBackupRestoration (7ms)
Platform modules already initialized, skipping
Refreshing native plugins compatible for Editor in 0.88 ms, found 10 plugins.
Preloading 0 native plugins for Editor in 0.00 ms.
Unloading 2210 Unused Serialized files (Serialized files now loaded: 0)
System memory in use before: 98.2 MB.
System memory in use after: 98.3 MB.

Unloading 36 unused Assets to reduce memory usage. Loaded Objects now: 2684.
Total: 3.615500 ms (FindLiveObjects: 0.207400 ms CreateObjectMapping: 0.094300 ms MarkObjects: 3.255700 ms  DeleteObjects: 0.057100 ms)

AssetImportParameters requested are different than current active one (requested -> active):
  custom:framework-win-MediaFoundation: 216162199b28c13a410421893ffa2e32 -> 
  custom:video-decoder-ogg-theora: a1e56fd34408186e4bbccfd4996cb3dc -> 
  custom:container-muxer-webm: aa71ff27fc2769a1b78a27578f13a17b -> 
  custom:container-demuxer-webm: 4f35f7cbe854078d1ac9338744f61a02 -> 
  custom:container-demuxer-ogg: 62fdf1f143b41e24485cea50d1cbac27 -> 
  custom:video-encoder-webm-vp8: eb34c28f22e8b96e1ab97ce403110664 -> 
  custom:video-codec-MediaFoundation-h265: 746d11721c4dcdbdad8f713fa42b33f4 -> 
  custom:video-decoder-webm-vp8: 9c59270c3fd7afecdb556c50c9e8de78 -> 
  custom:audio-decoder-ogg-vorbis: bf7c407c2cedff20999df2af8eb42d56 -> 
  custom:audio-encoder-webm-vorbis: bf7c407c2cedff20999df2af8eb42d56 -> 
========================================================================
Received Prepare
Registering precompiled user dll's ...
Registered in 0.012496 seconds.
Begin MonoManager ReloadAssembly
Native extension for WindowsStandalone target not found
Refreshing native plugins compatible for Editor in 1.09 ms, found 10 plugins.
Preloading 0 native plugins for Editor in 0.00 ms.
Mono: successfully reloaded assembly
- Completed reload, in  1.527 seconds
Domain Reload Profiling:
	ReloadAssembly (1528ms)
		BeginReloadAssembly (184ms)
			ExecutionOrderSort (0ms)
			DisableScriptedObjects (9ms)
			BackupInstance (0ms)
			ReleaseScriptingObjects (0ms)
			CreateAndSetChildDomain (43ms)
		EndReloadAssembly (1220ms)
			LoadAssemblies (158ms)
			RebuildTransferFunctionScriptingTraits (0ms)
			SetupTypeCache (395ms)
			ReleaseScriptCaches (1ms)
			RebuildScriptCaches (45ms)
			SetupLoadedEditorAssemblies (501ms)
				LogAssemblyErrors (0ms)
				InitializePlatformSupportModulesInManaged (6ms)
				SetLoadedEditorAssemblies (1ms)
				RefreshPlugins (1ms)
				BeforeProcessingInitializeOnLoad (142ms)
				ProcessInitializeOnLoadAttributes (323ms)
				ProcessInitializeOnLoadMethodAttributes (16ms)
				AfterProcessingInitializeOnLoad (11ms)
				EditorAssembliesLoaded (1ms)
			ExecutionOrderSort2 (0ms)
			AwakeInstancesAfterBackupRestoration (8ms)
Platform modules already initialized, skipping
Refreshing native plugins compatible for Editor in 1.13 ms, found 10 plugins.
Preloading 0 native plugins for Editor in 0.00 ms.
Unloading 2210 Unused Serialized files (Serialized files now loaded: 0)
System memory in use before: 98.2 MB.
System memory in use after: 98.4 MB.

Unloading 34 unused Assets to reduce memory usage. Loaded Objects now: 2687.
Total: 4.615700 ms (FindLiveObjects: 0.251300 ms CreateObjectMapping: 0.147900 ms MarkObjects: 4.176000 ms  DeleteObjects: 0.039400 ms)

AssetImportParameters requested are different than current active one (requested -> active):
  custom:framework-win-MediaFoundation: 216162199b28c13a410421893ffa2e32 -> 
  custom:video-decoder-ogg-theora: a1e56fd34408186e4bbccfd4996cb3dc -> 
  custom:container-muxer-webm: aa71ff27fc2769a1b78a27578f13a17b -> 
  custom:container-demuxer-webm: 4f35f7cbe854078d1ac9338744f61a02 -> 
  custom:container-demuxer-ogg: 62fdf1f143b41e24485cea50d1cbac27 -> 
  custom:video-encoder-webm-vp8: eb34c28f22e8b96e1ab97ce403110664 -> 
  custom:video-codec-MediaFoundation-h265: 746d11721c4dcdbdad8f713fa42b33f4 -> 
  custom:video-decoder-webm-vp8: 9c59270c3fd7afecdb556c50c9e8de78 -> 
  custom:audio-decoder-ogg-vorbis: bf7c407c2cedff20999df2af8eb42d56 -> 
  custom:audio-encoder-webm-vorbis: bf7c407c2cedff20999df2af8eb42d56 -> 
========================================================================
Received Prepare
Registering precompiled user dll's ...
Registered in 0.014993 seconds.
Begin MonoManager ReloadAssembly
Native extension for WindowsStandalone target not found
Refreshing native plugins compatible for Editor in 0.87 ms, found 10 plugins.
Preloading 0 native plugins for Editor in 0.00 ms.
Mono: successfully reloaded assembly
- Completed reload, in  1.309 seconds
Domain Reload Profiling:
	ReloadAssembly (1310ms)
		BeginReloadAssembly (150ms)
			ExecutionOrderSort (0ms)
			DisableScriptedObjects (7ms)
			BackupInstance (0ms)
			ReleaseScriptingObjects (0ms)
			CreateAndSetChildDomain (42ms)
		EndReloadAssembly (1081ms)
			LoadAssemblies (129ms)
			RebuildTransferFunctionScriptingTraits (0ms)
			SetupTypeCache (352ms)
			ReleaseScriptCaches (1ms)
			RebuildScriptCaches (49ms)
			SetupLoadedEditorAssemblies (419ms)
				LogAssemblyErrors (0ms)
				InitializePlatformSupportModulesInManaged (4ms)
				SetLoadedEditorAssemblies (0ms)
				RefreshPlugins (1ms)
				BeforeProcessingInitializeOnLoad (99ms)
				ProcessInitializeOnLoadAttributes (292ms)
				ProcessInitializeOnLoadMethodAttributes (13ms)
				AfterProcessingInitializeOnLoad (8ms)
				EditorAssembliesLoaded (0ms)
			ExecutionOrderSort2 (0ms)
			AwakeInstancesAfterBackupRestoration (9ms)
Platform modules already initialized, skipping
Refreshing native plugins compatible for Editor in 0.97 ms, found 10 plugins.
Preloading 0 native plugins for Editor in 0.00 ms.
Unloading 2210 Unused Serialized files (Serialized files now loaded: 0)
System memory in use before: 98.3 MB.
System memory in use after: 98.4 MB.

Unloading 34 unused Assets to reduce memory usage. Loaded Objects now: 2690.
Total: 4.518900 ms (FindLiveObjects: 0.262200 ms CreateObjectMapping: 0.142700 ms MarkObjects: 4.072700 ms  DeleteObjects: 0.040000 ms)

AssetImportParameters requested are different than current active one (requested -> active):
  custom:framework-win-MediaFoundation: 216162199b28c13a410421893ffa2e32 -> 
  custom:video-decoder-ogg-theora: a1e56fd34408186e4bbccfd4996cb3dc -> 
  custom:container-muxer-webm: aa71ff27fc2769a1b78a27578f13a17b -> 
  custom:container-demuxer-webm: 4f35f7cbe854078d1ac9338744f61a02 -> 
  custom:container-demuxer-ogg: 62fdf1f143b41e24485cea50d1cbac27 -> 
  custom:video-encoder-webm-vp8: eb34c28f22e8b96e1ab97ce403110664 -> 
  custom:video-codec-MediaFoundation-h265: 746d11721c4dcdbdad8f713fa42b33f4 -> 
  custom:video-decoder-webm-vp8: 9c59270c3fd7afecdb556c50c9e8de78 -> 
  custom:audio-decoder-ogg-vorbis: bf7c407c2cedff20999df2af8eb42d56 -> 
  custom:audio-encoder-webm-vorbis: bf7c407c2cedff20999df2af8eb42d56 -> 
========================================================================
Received Prepare
Registering precompiled user dll's ...
Registered in 0.015485 seconds.
Begin MonoManager ReloadAssembly
Native extension for WindowsStandalone target not found
Refreshing native plugins compatible for Editor in 1.59 ms, found 10 plugins.
Preloading 0 native plugins for Editor in 0.00 ms.
Mono: successfully reloaded assembly
- Completed reload, in  1.471 seconds
Domain Reload Profiling:
	ReloadAssembly (1472ms)
		BeginReloadAssembly (207ms)
			ExecutionOrderSort (0ms)
			DisableScriptedObjects (11ms)
			BackupInstance (0ms)
			ReleaseScriptingObjects (0ms)
			CreateAndSetChildDomain (74ms)
		EndReloadAssembly (1176ms)
			LoadAssemblies (144ms)
			RebuildTransferFunctionScriptingTraits (0ms)
			SetupTypeCache (367ms)
			ReleaseScriptCaches (1ms)
			RebuildScriptCaches (45ms)
			SetupLoadedEditorAssemblies (480ms)
				LogAssemblyErrors (0ms)
				InitializePlatformSupportModulesInManaged (5ms)
				SetLoadedEditorAssemblies (1ms)
				RefreshPlugins (2ms)
				BeforeProcessingInitializeOnLoad (117ms)
				ProcessInitializeOnLoadAttributes (328ms)
				ProcessInitializeOnLoadMethodAttributes (16ms)
				AfterProcessingInitializeOnLoad (10ms)
				EditorAssembliesLoaded (0ms)
			ExecutionOrderSort2 (0ms)
			AwakeInstancesAfterBackupRestoration (9ms)
Platform modules already initialized, skipping
Refreshing native plugins compatible for Editor in 1.12 ms, found 10 plugins.
Preloading 0 native plugins for Editor in 0.00 ms.
Unloading 2210 Unused Serialized files (Serialized files now loaded: 0)
System memory in use before: 98.2 MB.
System memory in use after: 98.3 MB.

Unloading 34 unused Assets to reduce memory usage. Loaded Objects now: 2693.
Total: 4.952200 ms (FindLiveObjects: 0.315500 ms CreateObjectMapping: 0.198000 ms MarkObjects: 4.394700 ms  DeleteObjects: 0.042500 ms)

AssetImportParameters requested are different than current active one (requested -> active):
  custom:framework-win-MediaFoundation: 216162199b28c13a410421893ffa2e32 -> 
  custom:video-decoder-ogg-theora: a1e56fd34408186e4bbccfd4996cb3dc -> 
  custom:container-muxer-webm: aa71ff27fc2769a1b78a27578f13a17b -> 
  custom:container-demuxer-webm: 4f35f7cbe854078d1ac9338744f61a02 -> 
  custom:container-demuxer-ogg: 62fdf1f143b41e24485cea50d1cbac27 -> 
  custom:video-encoder-webm-vp8: eb34c28f22e8b96e1ab97ce403110664 -> 
  custom:video-codec-MediaFoundation-h265: 746d11721c4dcdbdad8f713fa42b33f4 -> 
  custom:video-decoder-webm-vp8: 9c59270c3fd7afecdb556c50c9e8de78 -> 
  custom:audio-decoder-ogg-vorbis: bf7c407c2cedff20999df2af8eb42d56 -> 
  custom:audio-encoder-webm-vorbis: bf7c407c2cedff20999df2af8eb42d56 -> 
========================================================================
Received Prepare
Registering precompiled user dll's ...
Registered in 0.013204 seconds.
Begin MonoManager ReloadAssembly
Native extension for WindowsStandalone target not found
Refreshing native plugins compatible for Editor in 1.15 ms, found 10 plugins.
Preloading 0 native plugins for Editor in 0.00 ms.
Mono: successfully reloaded assembly
- Completed reload, in  1.453 seconds
Domain Reload Profiling:
	ReloadAssembly (1454ms)
		BeginReloadAssembly (187ms)
			ExecutionOrderSort (0ms)
			DisableScriptedObjects (6ms)
			BackupInstance (0ms)
			ReleaseScriptingObjects (0ms)
			CreateAndSetChildDomain (44ms)
		EndReloadAssembly (1159ms)
			LoadAssemblies (176ms)
			RebuildTransferFunctionScriptingTraits (0ms)
			SetupTypeCache (366ms)
			ReleaseScriptCaches (1ms)
			RebuildScriptCaches (51ms)
			SetupLoadedEditorAssemblies (468ms)
				LogAssemblyErrors (0ms)
				InitializePlatformSupportModulesInManaged (5ms)
				SetLoadedEditorAssemblies (1ms)
				RefreshPlugins (1ms)
				BeforeProcessingInitializeOnLoad (127ms)
				ProcessInitializeOnLoadAttributes (310ms)
				ProcessInitializeOnLoadMethodAttributes (15ms)
				AfterProcessingInitializeOnLoad (9ms)
				EditorAssembliesLoaded (0ms)
			ExecutionOrderSort2 (0ms)
			AwakeInstancesAfterBackupRestoration (8ms)
Platform modules already initialized, skipping
Refreshing native plugins compatible for Editor in 1.12 ms, found 10 plugins.
Preloading 0 native plugins for Editor in 0.00 ms.
Unloading 2210 Unused Serialized files (Serialized files now loaded: 0)
System memory in use before: 98.3 MB.
System memory in use after: 98.4 MB.

Unloading 34 unused Assets to reduce memory usage. Loaded Objects now: 2696.
Total: 5.109900 ms (FindLiveObjects: 0.249100 ms CreateObjectMapping: 0.153700 ms MarkObjects: 4.664400 ms  DeleteObjects: 0.041200 ms)

AssetImportParameters requested are different than current active one (requested -> active):
  custom:framework-win-MediaFoundation: 216162199b28c13a410421893ffa2e32 -> 
  custom:video-decoder-ogg-theora: a1e56fd34408186e4bbccfd4996cb3dc -> 
  custom:container-muxer-webm: aa71ff27fc2769a1b78a27578f13a17b -> 
  custom:container-demuxer-webm: 4f35f7cbe854078d1ac9338744f61a02 -> 
  custom:container-demuxer-ogg: 62fdf1f143b41e24485cea50d1cbac27 -> 
  custom:video-encoder-webm-vp8: eb34c28f22e8b96e1ab97ce403110664 -> 
  custom:video-codec-MediaFoundation-h265: 746d11721c4dcdbdad8f713fa42b33f4 -> 
  custom:video-decoder-webm-vp8: 9c59270c3fd7afecdb556c50c9e8de78 -> 
  custom:audio-decoder-ogg-vorbis: bf7c407c2cedff20999df2af8eb42d56 -> 
  custom:audio-encoder-webm-vorbis: bf7c407c2cedff20999df2af8eb42d56 -> 
========================================================================
Received Prepare
Registering precompiled user dll's ...
Registered in 0.014239 seconds.
Begin MonoManager ReloadAssembly
Native extension for WindowsStandalone target not found
Refreshing native plugins compatible for Editor in 0.87 ms, found 10 plugins.
Preloading 0 native plugins for Editor in 0.00 ms.
Mono: successfully reloaded assembly
- Completed reload, in  1.217 seconds
Domain Reload Profiling:
	ReloadAssembly (1218ms)
		BeginReloadAssembly (148ms)
			ExecutionOrderSort (0ms)
			DisableScriptedObjects (6ms)
			BackupInstance (0ms)
			ReleaseScriptingObjects (0ms)
			CreateAndSetChildDomain (42ms)
		EndReloadAssembly (983ms)
			LoadAssemblies (134ms)
			RebuildTransferFunctionScriptingTraits (0ms)
			SetupTypeCache (363ms)
			ReleaseScriptCaches (1ms)
			RebuildScriptCaches (36ms)
			SetupLoadedEditorAssemblies (363ms)
				LogAssemblyErrors (0ms)
				InitializePlatformSupportModulesInManaged (4ms)
				SetLoadedEditorAssemblies (1ms)
				RefreshPlugins (1ms)
				BeforeProcessingInitializeOnLoad (82ms)
				ProcessInitializeOnLoadAttributes (251ms)
				ProcessInitializeOnLoadMethodAttributes (14ms)
				AfterProcessingInitializeOnLoad (10ms)
				EditorAssembliesLoaded (0ms)
			ExecutionOrderSort2 (0ms)
			AwakeInstancesAfterBackupRestoration (10ms)
Platform modules already initialized, skipping
Refreshing native plugins compatible for Editor in 1.00 ms, found 10 plugins.
Preloading 0 native plugins for Editor in 0.00 ms.
Unloading 2210 Unused Serialized files (Serialized files now loaded: 0)
System memory in use before: 98.4 MB.
System memory in use after: 98.5 MB.

Unloading 34 unused Assets to reduce memory usage. Loaded Objects now: 2699.
Total: 3.672100 ms (FindLiveObjects: 0.214900 ms CreateObjectMapping: 0.109400 ms MarkObjects: 3.315100 ms  DeleteObjects: 0.031500 ms)

AssetImportParameters requested are different than current active one (requested -> active):
  custom:framework-win-MediaFoundation: 216162199b28c13a410421893ffa2e32 -> 
  custom:video-decoder-ogg-theora: a1e56fd34408186e4bbccfd4996cb3dc -> 
  custom:container-muxer-webm: aa71ff27fc2769a1b78a27578f13a17b -> 
  custom:container-demuxer-webm: 4f35f7cbe854078d1ac9338744f61a02 -> 
  custom:container-demuxer-ogg: 62fdf1f143b41e24485cea50d1cbac27 -> 
  custom:video-encoder-webm-vp8: eb34c28f22e8b96e1ab97ce403110664 -> 
  custom:video-codec-MediaFoundation-h265: 746d11721c4dcdbdad8f713fa42b33f4 -> 
  custom:video-decoder-webm-vp8: 9c59270c3fd7afecdb556c50c9e8de78 -> 
  custom:audio-decoder-ogg-vorbis: bf7c407c2cedff20999df2af8eb42d56 -> 
  custom:audio-encoder-webm-vorbis: bf7c407c2cedff20999df2af8eb42d56 -> 
========================================================================
Received Prepare
Registering precompiled user dll's ...
Registered in 0.012072 seconds.
Begin MonoManager ReloadAssembly
Native extension for WindowsStandalone target not found
Refreshing native plugins compatible for Editor in 0.94 ms, found 10 plugins.
Preloading 0 native plugins for Editor in 0.00 ms.
Mono: successfully reloaded assembly
- Completed reload, in  1.579 seconds
Domain Reload Profiling:
	ReloadAssembly (1580ms)
		BeginReloadAssembly (151ms)
			ExecutionOrderSort (0ms)
			DisableScriptedObjects (7ms)
			BackupInstance (0ms)
			ReleaseScriptingObjects (0ms)
			CreateAndSetChildDomain (40ms)
		EndReloadAssembly (1352ms)
			LoadAssemblies (141ms)
			RebuildTransferFunctionScriptingTraits (0ms)
			SetupTypeCache (397ms)
			ReleaseScriptCaches (1ms)
			RebuildScriptCaches (53ms)
			SetupLoadedEditorAssemblies (615ms)
				LogAssemblyErrors (0ms)
				InitializePlatformSupportModulesInManaged (6ms)
				SetLoadedEditorAssemblies (1ms)
				RefreshPlugins (1ms)
				BeforeProcessingInitializeOnLoad (106ms)
				ProcessInitializeOnLoadAttributes (477ms)
				ProcessInitializeOnLoadMethodAttributes (16ms)
				AfterProcessingInitializeOnLoad (9ms)
				EditorAssembliesLoaded (0ms)
			ExecutionOrderSort2 (0ms)
			AwakeInstancesAfterBackupRestoration (9ms)
Platform modules already initialized, skipping
Refreshing native plugins compatible for Editor in 1.17 ms, found 10 plugins.
Preloading 0 native plugins for Editor in 0.00 ms.
Unloading 2210 Unused Serialized files (Serialized files now loaded: 0)
System memory in use before: 98.4 MB.
System memory in use after: 98.6 MB.

Unloading 34 unused Assets to reduce memory usage. Loaded Objects now: 2702.
Total: 5.073000 ms (FindLiveObjects: 0.238900 ms CreateObjectMapping: 0.079300 ms MarkObjects: 4.716600 ms  DeleteObjects: 0.036900 ms)

AssetImportParameters requested are different than current active one (requested -> active):
  custom:framework-win-MediaFoundation: 216162199b28c13a410421893ffa2e32 -> 
  custom:video-decoder-ogg-theora: a1e56fd34408186e4bbccfd4996cb3dc -> 
  custom:container-muxer-webm: aa71ff27fc2769a1b78a27578f13a17b -> 
  custom:container-demuxer-webm: 4f35f7cbe854078d1ac9338744f61a02 -> 
  custom:container-demuxer-ogg: 62fdf1f143b41e24485cea50d1cbac27 -> 
  custom:video-encoder-webm-vp8: eb34c28f22e8b96e1ab97ce403110664 -> 
  custom:video-codec-MediaFoundation-h265: 746d11721c4dcdbdad8f713fa42b33f4 -> 
  custom:video-decoder-webm-vp8: 9c59270c3fd7afecdb556c50c9e8de78 -> 
  custom:audio-decoder-ogg-vorbis: bf7c407c2cedff20999df2af8eb42d56 -> 
  custom:audio-encoder-webm-vorbis: bf7c407c2cedff20999df2af8eb42d56 -> 
========================================================================
Received Prepare
Registering precompiled user dll's ...
Registered in 0.015756 seconds.
Begin MonoManager ReloadAssembly
Native extension for WindowsStandalone target not found
Refreshing native plugins compatible for Editor in 1.09 ms, found 10 plugins.
Preloading 0 native plugins for Editor in 0.00 ms.
Mono: successfully reloaded assembly
- Completed reload, in  1.451 seconds
Domain Reload Profiling:
	ReloadAssembly (1452ms)
		BeginReloadAssembly (188ms)
			ExecutionOrderSort (0ms)
			DisableScriptedObjects (6ms)
			BackupInstance (0ms)
			ReleaseScriptingObjects (0ms)
			CreateAndSetChildDomain (69ms)
		EndReloadAssembly (1183ms)
			LoadAssemblies (136ms)
			RebuildTransferFunctionScriptingTraits (0ms)
			SetupTypeCache (393ms)
			ReleaseScriptCaches (1ms)
			RebuildScriptCaches (51ms)
			SetupLoadedEditorAssemblies (465ms)
				LogAssemblyErrors (0ms)
				InitializePlatformSupportModulesInManaged (5ms)
				SetLoadedEditorAssemblies (1ms)
				RefreshPlugins (1ms)
				BeforeProcessingInitializeOnLoad (116ms)
				ProcessInitializeOnLoadAttributes (310ms)
				ProcessInitializeOnLoadMethodAttributes (19ms)
				AfterProcessingInitializeOnLoad (11ms)
				EditorAssembliesLoaded (0ms)
			ExecutionOrderSort2 (0ms)
			AwakeInstancesAfterBackupRestoration (9ms)
Platform modules already initialized, skipping
Refreshing native plugins compatible for Editor in 1.48 ms, found 10 plugins.
Preloading 0 native plugins for Editor in 0.00 ms.
Unloading 2210 Unused Serialized files (Serialized files now loaded: 0)
System memory in use before: 98.4 MB.
System memory in use after: 98.6 MB.

Unloading 34 unused Assets to reduce memory usage. Loaded Objects now: 2705.
Total: 6.795300 ms (FindLiveObjects: 0.498000 ms CreateObjectMapping: 0.179000 ms MarkObjects: 6.075800 ms  DeleteObjects: 0.039200 ms)

AssetImportParameters requested are different than current active one (requested -> active):
  custom:framework-win-MediaFoundation: 216162199b28c13a410421893ffa2e32 -> 
  custom:video-decoder-ogg-theora: a1e56fd34408186e4bbccfd4996cb3dc -> 
  custom:container-muxer-webm: aa71ff27fc2769a1b78a27578f13a17b -> 
  custom:container-demuxer-webm: 4f35f7cbe854078d1ac9338744f61a02 -> 
  custom:container-demuxer-ogg: 62fdf1f143b41e24485cea50d1cbac27 -> 
  custom:video-encoder-webm-vp8: eb34c28f22e8b96e1ab97ce403110664 -> 
  custom:video-codec-MediaFoundation-h265: 746d11721c4dcdbdad8f713fa42b33f4 -> 
  custom:video-decoder-webm-vp8: 9c59270c3fd7afecdb556c50c9e8de78 -> 
  custom:audio-decoder-ogg-vorbis: bf7c407c2cedff20999df2af8eb42d56 -> 
  custom:audio-encoder-webm-vorbis: bf7c407c2cedff20999df2af8eb42d56 -> 
========================================================================
Received Prepare
Registering precompiled user dll's ...
Registered in 0.013411 seconds.
Begin MonoManager ReloadAssembly
Native extension for WindowsStandalone target not found
Refreshing native plugins compatible for Editor in 1.36 ms, found 10 plugins.
Preloading 0 native plugins for Editor in 0.00 ms.
Mono: successfully reloaded assembly
- Completed reload, in  1.442 seconds
Domain Reload Profiling:
	ReloadAssembly (1443ms)
		BeginReloadAssembly (171ms)
			ExecutionOrderSort (0ms)
			DisableScriptedObjects (6ms)
			BackupInstance (0ms)
			ReleaseScriptingObjects (0ms)
			CreateAndSetChildDomain (41ms)
		EndReloadAssembly (1170ms)
			LoadAssemblies (173ms)
			RebuildTransferFunctionScriptingTraits (0ms)
			SetupTypeCache (354ms)
			ReleaseScriptCaches (1ms)
			RebuildScriptCaches (46ms)
			SetupLoadedEditorAssemblies (475ms)
				LogAssemblyErrors (0ms)
				InitializePlatformSupportModulesInManaged (5ms)
				SetLoadedEditorAssemblies (1ms)
				RefreshPlugins (1ms)
				BeforeProcessingInitializeOnLoad (119ms)
				ProcessInitializeOnLoadAttributes (320ms)
				ProcessInitializeOnLoadMethodAttributes (17ms)
				AfterProcessingInitializeOnLoad (10ms)
				EditorAssembliesLoaded (0ms)
			ExecutionOrderSort2 (0ms)
			AwakeInstancesAfterBackupRestoration (9ms)
Platform modules already initialized, skipping
Refreshing native plugins compatible for Editor in 1.35 ms, found 10 plugins.
Preloading 0 native plugins for Editor in 0.00 ms.
Unloading 2210 Unused Serialized files (Serialized files now loaded: 0)
System memory in use before: 98.3 MB.
System memory in use after: 98.5 MB.

Unloading 34 unused Assets to reduce memory usage. Loaded Objects now: 2708.
Total: 5.008300 ms (FindLiveObjects: 0.293300 ms CreateObjectMapping: 0.095800 ms MarkObjects: 4.558200 ms  DeleteObjects: 0.059300 ms)

AssetImportParameters requested are different than current active one (requested -> active):
  custom:framework-win-MediaFoundation: 216162199b28c13a410421893ffa2e32 -> 
  custom:video-decoder-ogg-theora: a1e56fd34408186e4bbccfd4996cb3dc -> 
  custom:container-muxer-webm: aa71ff27fc2769a1b78a27578f13a17b -> 
  custom:container-demuxer-webm: 4f35f7cbe854078d1ac9338744f61a02 -> 
  custom:container-demuxer-ogg: 62fdf1f143b41e24485cea50d1cbac27 -> 
  custom:video-encoder-webm-vp8: eb34c28f22e8b96e1ab97ce403110664 -> 
  custom:video-codec-MediaFoundation-h265: 746d11721c4dcdbdad8f713fa42b33f4 -> 
  custom:video-decoder-webm-vp8: 9c59270c3fd7afecdb556c50c9e8de78 -> 
  custom:audio-decoder-ogg-vorbis: bf7c407c2cedff20999df2af8eb42d56 -> 
  custom:audio-encoder-webm-vorbis: bf7c407c2cedff20999df2af8eb42d56 -> 
========================================================================
Received Import Request.
  Time since last request: 1193.485534 seconds.
  path: Assets/Test Assets/Pointer.prefab
  artifactKey: Guid(cf98108a28ececb4181aa0571c290eab) Importer(815301076,1909f56bfc062723c751e8b465ee728b)
Start importing Assets/Test Assets/Pointer.prefab using Guid(cf98108a28ececb4181aa0571c290eab) Importer(815301076,1909f56bfc062723c751e8b465ee728b)  -> (artifact id: '68bcc52901a6e2816aec585466486db4') in 0.071590 seconds 
  Import took 0.077074 seconds .

========================================================================
Received Import Request.
  Time since last request: 5.155652 seconds.
  path: Assets/Test Assets/Pointer.prefab
  artifactKey: Guid(cf98108a28ececb4181aa0571c290eab) Importer(815301076,1909f56bfc062723c751e8b465ee728b)
Start importing Assets/Test Assets/Pointer.prefab using Guid(cf98108a28ececb4181aa0571c290eab) Importer(815301076,1909f56bfc062723c751e8b465ee728b)  -> (artifact id: '7c900c72ce486c8b512eb9173c03bf87') in 0.061759 seconds 
  Import took 0.067416 seconds .

========================================================================
Received Import Request.
  Time since last request: 3.299624 seconds.
  path: Assets/Test Assets/Pointer.prefab
  artifactKey: Guid(cf98108a28ececb4181aa0571c290eab) Importer(815301076,1909f56bfc062723c751e8b465ee728b)
Start importing Assets/Test Assets/Pointer.prefab using Guid(cf98108a28ececb4181aa0571c290eab) Importer(815301076,1909f56bfc062723c751e8b465ee728b)  -> (artifact id: '35bb09a61dc59a6ce30e21403641adb3') in 0.017162 seconds 
  Import took 0.022800 seconds .

========================================================================
Received Import Request.
  Time since last request: 3.205194 seconds.
  path: Assets/Test Assets/Pointer.prefab
  artifactKey: Guid(cf98108a28ececb4181aa0571c290eab) Importer(815301076,1909f56bfc062723c751e8b465ee728b)
Start importing Assets/Test Assets/Pointer.prefab using Guid(cf98108a28ececb4181aa0571c290eab) Importer(815301076,1909f56bfc062723c751e8b465ee728b)  -> (artifact id: '465d208147faeca30a3e4c7d329430e1') in 0.015885 seconds 
  Import took 0.020462 seconds .

========================================================================
Received Import Request.
  Time since last request: 2.381782 seconds.
  path: Assets/Test Assets/Pointer.prefab
  artifactKey: Guid(cf98108a28ececb4181aa0571c290eab) Importer(815301076,1909f56bfc062723c751e8b465ee728b)
Start importing Assets/Test Assets/Pointer.prefab using Guid(cf98108a28ececb4181aa0571c290eab) Importer(815301076,1909f56bfc062723c751e8b465ee728b)  -> (artifact id: 'a7fcb8b7a533b331280de2ef9aef9959') in 0.013759 seconds 
  Import took 0.019788 seconds .

========================================================================
Received Import Request.
  Time since last request: 2.715585 seconds.
  path: Assets/Test Assets/Pointer.prefab
  artifactKey: Guid(cf98108a28ececb4181aa0571c290eab) Importer(815301076,1909f56bfc062723c751e8b465ee728b)
Start importing Assets/Test Assets/Pointer.prefab using Guid(cf98108a28ececb4181aa0571c290eab) Importer(815301076,1909f56bfc062723c751e8b465ee728b)  -> (artifact id: '8008a603d1f4ae1e1cb4d337b2a0cfbb') in 0.015982 seconds 
  Import took 0.021163 seconds .

========================================================================
Received Import Request.
  Time since last request: 2.783367 seconds.
  path: Assets/Test Assets/Pointer.prefab
  artifactKey: Guid(cf98108a28ececb4181aa0571c290eab) Importer(815301076,1909f56bfc062723c751e8b465ee728b)
Start importing Assets/Test Assets/Pointer.prefab using Guid(cf98108a28ececb4181aa0571c290eab) Importer(815301076,1909f56bfc062723c751e8b465ee728b)  -> (artifact id: 'b433802af6762e1f2b4774e58ef43615') in 0.015532 seconds 
  Import took 0.020385 seconds .

========================================================================
Received Import Request.
  Time since last request: 0.370072 seconds.
  path: Assets/Test Assets/Pointer.prefab
  artifactKey: Guid(cf98108a28ececb4181aa0571c290eab) Importer(815301076,1909f56bfc062723c751e8b465ee728b)
Start importing Assets/Test Assets/Pointer.prefab using Guid(cf98108a28ececb4181aa0571c290eab) Importer(815301076,1909f56bfc062723c751e8b465ee728b)  -> (artifact id: '832528c809f87ece7cdf64d439789999') in 0.020546 seconds 
  Import took 0.025275 seconds .

========================================================================
Received Import Request.
  Time since last request: 1.211744 seconds.
  path: Assets/Test Assets/Pointer.prefab
  artifactKey: Guid(cf98108a28ececb4181aa0571c290eab) Importer(815301076,1909f56bfc062723c751e8b465ee728b)
Start importing Assets/Test Assets/Pointer.prefab using Guid(cf98108a28ececb4181aa0571c290eab) Importer(815301076,1909f56bfc062723c751e8b465ee728b)  -> (artifact id: 'b4c5209cc33a1921dd3730255fccb5d3') in 0.017029 seconds 
  Import took 0.022482 seconds .

========================================================================
Received Import Request.
  Time since last request: 1.383699 seconds.
  path: Assets/Test Assets/Pointer.prefab
  artifactKey: Guid(cf98108a28ececb4181aa0571c290eab) Importer(815301076,1909f56bfc062723c751e8b465ee728b)
Start importing Assets/Test Assets/Pointer.prefab using Guid(cf98108a28ececb4181aa0571c290eab) Importer(815301076,1909f56bfc062723c751e8b465ee728b)  -> (artifact id: 'c87be4fba3add43ac26d2e13722f6daa') in 0.019365 seconds 
  Import took 0.025572 seconds .

========================================================================
Received Import Request.
  Time since last request: 2.602921 seconds.
  path: Assets/Test Assets/Pointer.prefab
  artifactKey: Guid(cf98108a28ececb4181aa0571c290eab) Importer(815301076,1909f56bfc062723c751e8b465ee728b)
Start importing Assets/Test Assets/Pointer.prefab using Guid(cf98108a28ececb4181aa0571c290eab) Importer(815301076,1909f56bfc062723c751e8b465ee728b)  -> (artifact id: '4167477c3a2035d6dc89023835e312db') in 0.016756 seconds 
  Import took 0.022196 seconds .

========================================================================
Received Import Request.
  Time since last request: 4.223357 seconds.
  path: Assets/Test Assets/Pointer.prefab
  artifactKey: Guid(cf98108a28ececb4181aa0571c290eab) Importer(815301076,1909f56bfc062723c751e8b465ee728b)
Start importing Assets/Test Assets/Pointer.prefab using Guid(cf98108a28ececb4181aa0571c290eab) Importer(815301076,1909f56bfc062723c751e8b465ee728b)  -> (artifact id: '3356623039426d92e2096685684df245') in 0.014429 seconds 
  Import took 0.019646 seconds .

========================================================================
Received Import Request.
  Time since last request: 10.255805 seconds.
  path: Assets/Test Assets/Pointer.prefab
  artifactKey: Guid(cf98108a28ececb4181aa0571c290eab) Importer(815301076,1909f56bfc062723c751e8b465ee728b)
Start importing Assets/Test Assets/Pointer.prefab using Guid(cf98108a28ececb4181aa0571c290eab) Importer(815301076,1909f56bfc062723c751e8b465ee728b)  -> (artifact id: '0a6e9b9d097f5219196673c90041f05c') in 0.020254 seconds 
  Import took 0.026034 seconds .

========================================================================
Received Import Request.
  Time since last request: 5.215021 seconds.
  path: Assets/Test Assets/Pointer.prefab
  artifactKey: Guid(cf98108a28ececb4181aa0571c290eab) Importer(815301076,1909f56bfc062723c751e8b465ee728b)
Start importing Assets/Test Assets/Pointer.prefab using Guid(cf98108a28ececb4181aa0571c290eab) Importer(815301076,1909f56bfc062723c751e8b465ee728b)  -> (artifact id: '04a48a595de85a90de0babd2a6f3e781') in 0.017743 seconds 
  Import took 0.023245 seconds .

========================================================================
Received Import Request.
  Time since last request: 1.004061 seconds.
  path: Assets/Test Assets/Pointer.prefab
  artifactKey: Guid(cf98108a28ececb4181aa0571c290eab) Importer(815301076,1909f56bfc062723c751e8b465ee728b)
Start importing Assets/Test Assets/Pointer.prefab using Guid(cf98108a28ececb4181aa0571c290eab) Importer(815301076,1909f56bfc062723c751e8b465ee728b)  -> (artifact id: '24368fd6af589facd306c2e5db520208') in 0.020177 seconds 
  Import took 0.026126 seconds .

========================================================================
Received Import Request.
  Time since last request: 6.017570 seconds.
  path: Assets/Test Assets/Pointer.prefab
  artifactKey: Guid(cf98108a28ececb4181aa0571c290eab) Importer(815301076,1909f56bfc062723c751e8b465ee728b)
Start importing Assets/Test Assets/Pointer.prefab using Guid(cf98108a28ececb4181aa0571c290eab) Importer(815301076,1909f56bfc062723c751e8b465ee728b)  -> (artifact id: 'be29ff7fd86180cc1b42eda4dc8649f7') in 0.017422 seconds 
  Import took 0.023135 seconds .

========================================================================
Received Import Request.
  Time since last request: 4.815618 seconds.
  path: Assets/Test Assets/Pointer.prefab
  artifactKey: Guid(cf98108a28ececb4181aa0571c290eab) Importer(815301076,1909f56bfc062723c751e8b465ee728b)
Start importing Assets/Test Assets/Pointer.prefab using Guid(cf98108a28ececb4181aa0571c290eab) Importer(815301076,1909f56bfc062723c751e8b465ee728b)  -> (artifact id: '1ec84b078ab72fc4c1e55bc9ac48f9dd') in 0.020009 seconds 
  Import took 0.025001 seconds .

========================================================================
Received Import Request.
  Time since last request: 2.651128 seconds.
  path: Assets/Test Assets/Pointer.prefab
  artifactKey: Guid(cf98108a28ececb4181aa0571c290eab) Importer(815301076,1909f56bfc062723c751e8b465ee728b)
Start importing Assets/Test Assets/Pointer.prefab using Guid(cf98108a28ececb4181aa0571c290eab) Importer(815301076,1909f56bfc062723c751e8b465ee728b)  -> (artifact id: '3c267e05ea779d0312be7981b73c0a20') in 0.017296 seconds 
  Import took 0.022121 seconds .

========================================================================
Received Import Request.
  Time since last request: 5.210061 seconds.
  path: Assets/Test Assets/Pointer.prefab
  artifactKey: Guid(cf98108a28ececb4181aa0571c290eab) Importer(815301076,1909f56bfc062723c751e8b465ee728b)
Start importing Assets/Test Assets/Pointer.prefab using Guid(cf98108a28ececb4181aa0571c290eab) Importer(815301076,1909f56bfc062723c751e8b465ee728b)  -> (artifact id: '17ff5c01bd3da1b29460356c03716204') in 0.015763 seconds 
  Import took 0.020349 seconds .

========================================================================
Received Import Request.
  Time since last request: 6.432331 seconds.
  path: Assets/Test Assets/Pointer.prefab
  artifactKey: Guid(cf98108a28ececb4181aa0571c290eab) Importer(815301076,1909f56bfc062723c751e8b465ee728b)
Start importing Assets/Test Assets/Pointer.prefab using Guid(cf98108a28ececb4181aa0571c290eab) Importer(815301076,1909f56bfc062723c751e8b465ee728b)  -> (artifact id: 'c2e2248fcd47ebf880a46658c29b103f') in 0.015284 seconds 
  Import took 0.020359 seconds .

========================================================================
Received Import Request.
  Time since last request: 5.453712 seconds.
  path: Assets/Test Assets/Pointer.prefab
  artifactKey: Guid(cf98108a28ececb4181aa0571c290eab) Importer(815301076,1909f56bfc062723c751e8b465ee728b)
Start importing Assets/Test Assets/Pointer.prefab using Guid(cf98108a28ececb4181aa0571c290eab) Importer(815301076,1909f56bfc062723c751e8b465ee728b)  -> (artifact id: '9472f542430e9b44b7d02c9679d73b86') in 0.017923 seconds 
  Import took 0.024283 seconds .

========================================================================
Received Import Request.
  Time since last request: 1.571362 seconds.
  path: Assets/Test Assets/Pointer.prefab
  artifactKey: Guid(cf98108a28ececb4181aa0571c290eab) Importer(815301076,1909f56bfc062723c751e8b465ee728b)
Start importing Assets/Test Assets/Pointer.prefab using Guid(cf98108a28ececb4181aa0571c290eab) Importer(815301076,1909f56bfc062723c751e8b465ee728b)  -> (artifact id: '5299727263201bd95d44790c9db32475') in 0.020354 seconds 
  Import took 0.026334 seconds .

========================================================================
Received Import Request.
  Time since last request: 7.028128 seconds.
  path: Assets/Test Assets/Pointer.prefab
  artifactKey: Guid(cf98108a28ececb4181aa0571c290eab) Importer(815301076,1909f56bfc062723c751e8b465ee728b)
Start importing Assets/Test Assets/Pointer.prefab using Guid(cf98108a28ececb4181aa0571c290eab) Importer(815301076,1909f56bfc062723c751e8b465ee728b)  -> (artifact id: '54371e99070538e8f355d61817fca5a8') in 0.016985 seconds 
  Import took 0.021884 seconds .

========================================================================
Received Import Request.
  Time since last request: 5.035839 seconds.
  path: Assets/Test Assets/Pointer.prefab
  artifactKey: Guid(cf98108a28ececb4181aa0571c290eab) Importer(815301076,1909f56bfc062723c751e8b465ee728b)
Start importing Assets/Test Assets/Pointer.prefab using Guid(cf98108a28ececb4181aa0571c290eab) Importer(815301076,1909f56bfc062723c751e8b465ee728b)  -> (artifact id: '23e9fe8dbd215127eaf18d41460d503f') in 0.019613 seconds 
  Import took 0.025613 seconds .

========================================================================
Received Import Request.
  Time since last request: 5.200995 seconds.
  path: Assets/Test Assets/Pointer.prefab
  artifactKey: Guid(cf98108a28ececb4181aa0571c290eab) Importer(815301076,1909f56bfc062723c751e8b465ee728b)
Start importing Assets/Test Assets/Pointer.prefab using Guid(cf98108a28ececb4181aa0571c290eab) Importer(815301076,1909f56bfc062723c751e8b465ee728b)  -> (artifact id: '55571704e412b1239293fb6e95b61512') in 0.016846 seconds 
  Import took 0.023003 seconds .

========================================================================
Received Import Request.
  Time since last request: 11.537488 seconds.
  path: Assets/Test Assets/Pointer.prefab
  artifactKey: Guid(cf98108a28ececb4181aa0571c290eab) Importer(815301076,1909f56bfc062723c751e8b465ee728b)
Start importing Assets/Test Assets/Pointer.prefab using Guid(cf98108a28ececb4181aa0571c290eab) Importer(815301076,1909f56bfc062723c751e8b465ee728b)  -> (artifact id: '0357c909625aee5b5218f4de4c88184a') in 0.024513 seconds 
  Import took 0.030479 seconds .

========================================================================
Received Import Request.
  Time since last request: 4.798509 seconds.
  path: Assets/Test Assets/Pointer.prefab
  artifactKey: Guid(cf98108a28ececb4181aa0571c290eab) Importer(815301076,1909f56bfc062723c751e8b465ee728b)
Start importing Assets/Test Assets/Pointer.prefab using Guid(cf98108a28ececb4181aa0571c290eab) Importer(815301076,1909f56bfc062723c751e8b465ee728b)  -> (artifact id: '30a3cfac771026165ca043f26eebec46') in 0.013589 seconds 
  Import took 0.019088 seconds .

========================================================================
Received Import Request.
  Time since last request: 1.383993 seconds.
  path: Assets/Test Assets/Pointer.prefab
  artifactKey: Guid(cf98108a28ececb4181aa0571c290eab) Importer(815301076,1909f56bfc062723c751e8b465ee728b)
Start importing Assets/Test Assets/Pointer.prefab using Guid(cf98108a28ececb4181aa0571c290eab) Importer(815301076,1909f56bfc062723c751e8b465ee728b)  -> (artifact id: '6c663e1b21e84dc2c0a86b7c02f91338') in 0.019898 seconds 
  Import took 0.024984 seconds .

========================================================================
Received Import Request.
  Time since last request: 7.505548 seconds.
  path: Assets/Test Assets/Pointer.prefab
  artifactKey: Guid(cf98108a28ececb4181aa0571c290eab) Importer(815301076,1909f56bfc062723c751e8b465ee728b)
Start importing Assets/Test Assets/Pointer.prefab using Guid(cf98108a28ececb4181aa0571c290eab) Importer(815301076,1909f56bfc062723c751e8b465ee728b)  -> (artifact id: 'f251a2ec7e9440d86fb80f6ac12ae1ba') in 0.016344 seconds 
  Import took 0.022148 seconds .

========================================================================
Received Import Request.
  Time since last request: 6.933544 seconds.
  path: Assets/Test Assets/Pointer.prefab
  artifactKey: Guid(cf98108a28ececb4181aa0571c290eab) Importer(815301076,1909f56bfc062723c751e8b465ee728b)
Start importing Assets/Test Assets/Pointer.prefab using Guid(cf98108a28ececb4181aa0571c290eab) Importer(815301076,1909f56bfc062723c751e8b465ee728b)  -> (artifact id: '697643d12a20fc40d9386b36551b24ee') in 0.018876 seconds 
  Import took 0.025035 seconds .

========================================================================
Received Import Request.
  Time since last request: 2.359465 seconds.
  path: Assets/Test Assets/Pointer.prefab
  artifactKey: Guid(cf98108a28ececb4181aa0571c290eab) Importer(815301076,1909f56bfc062723c751e8b465ee728b)
Start importing Assets/Test Assets/Pointer.prefab using Guid(cf98108a28ececb4181aa0571c290eab) Importer(815301076,1909f56bfc062723c751e8b465ee728b)  -> (artifact id: 'b8e52e8b14cd6bffc555d073cc2d9d39') in 0.017561 seconds 
  Import took 0.022581 seconds .

========================================================================
Received Import Request.
  Time since last request: 0.392884 seconds.
  path: Assets/Test Assets/Pointer.prefab
  artifactKey: Guid(cf98108a28ececb4181aa0571c290eab) Importer(815301076,1909f56bfc062723c751e8b465ee728b)
Start importing Assets/Test Assets/Pointer.prefab using Guid(cf98108a28ececb4181aa0571c290eab) Importer(815301076,1909f56bfc062723c751e8b465ee728b)  -> (artifact id: '1faf4f6d315f533e473fb280c267573a') in 0.017568 seconds 
  Import took 0.022751 seconds .

========================================================================
Received Import Request.
  Time since last request: 0.587617 seconds.
  path: Assets/Test Assets/Pointer.prefab
  artifactKey: Guid(cf98108a28ececb4181aa0571c290eab) Importer(815301076,1909f56bfc062723c751e8b465ee728b)
Start importing Assets/Test Assets/Pointer.prefab using Guid(cf98108a28ececb4181aa0571c290eab) Importer(815301076,1909f56bfc062723c751e8b465ee728b)  -> (artifact id: '4dd1cebe28dbfa905827d9fa86cffcb6') in 0.012514 seconds 
  Import took 0.017254 seconds .

========================================================================
Received Import Request.
  Time since last request: 2.785541 seconds.
  path: Assets/Test Assets/Pointer.prefab
  artifactKey: Guid(cf98108a28ececb4181aa0571c290eab) Importer(815301076,1909f56bfc062723c751e8b465ee728b)
Start importing Assets/Test Assets/Pointer.prefab using Guid(cf98108a28ececb4181aa0571c290eab) Importer(815301076,1909f56bfc062723c751e8b465ee728b)  -> (artifact id: '4d7c63539b4be59602125dc1cf57407f') in 0.016807 seconds 
  Import took 0.021973 seconds .

========================================================================
Received Import Request.
  Time since last request: 4.036783 seconds.
  path: Assets/Test Assets/Pointer.prefab
  artifactKey: Guid(cf98108a28ececb4181aa0571c290eab) Importer(815301076,1909f56bfc062723c751e8b465ee728b)
Start importing Assets/Test Assets/Pointer.prefab using Guid(cf98108a28ececb4181aa0571c290eab) Importer(815301076,1909f56bfc062723c751e8b465ee728b)  -> (artifact id: '55e2a3b7158388963ce9fe8c9deea178') in 0.021370 seconds 
  Import took 0.027453 seconds .

========================================================================
Received Import Request.
  Time since last request: 2.360941 seconds.
  path: Assets/Test Assets/Pointer.prefab
  artifactKey: Guid(cf98108a28ececb4181aa0571c290eab) Importer(815301076,1909f56bfc062723c751e8b465ee728b)
Start importing Assets/Test Assets/Pointer.prefab using Guid(cf98108a28ececb4181aa0571c290eab) Importer(815301076,1909f56bfc062723c751e8b465ee728b)  -> (artifact id: '35e8324096eed010980ae389f5ef1bf7') in 0.018609 seconds 
  Import took 0.023367 seconds .

========================================================================
Received Import Request.
  Time since last request: 5.420590 seconds.
  path: Assets/Test Assets/Pointer.prefab
  artifactKey: Guid(cf98108a28ececb4181aa0571c290eab) Importer(815301076,1909f56bfc062723c751e8b465ee728b)
Start importing Assets/Test Assets/Pointer.prefab using Guid(cf98108a28ececb4181aa0571c290eab) Importer(815301076,1909f56bfc062723c751e8b465ee728b)  -> (artifact id: '05c78dd0106b3ab8c08b745a8176041a') in 0.014885 seconds 
  Import took 0.020158 seconds .

========================================================================
Received Import Request.
  Time since last request: 3.793115 seconds.
  path: Assets/Test Assets/Pointer.prefab
  artifactKey: Guid(cf98108a28ececb4181aa0571c290eab) Importer(815301076,1909f56bfc062723c751e8b465ee728b)
Start importing Assets/Test Assets/Pointer.prefab using Guid(cf98108a28ececb4181aa0571c290eab) Importer(815301076,1909f56bfc062723c751e8b465ee728b)  -> (artifact id: 'af96374981d2348f23ff07d5fc43d2e1') in 0.019403 seconds 
  Import took 0.026281 seconds .

========================================================================
Received Import Request.
  Time since last request: 2.994730 seconds.
  path: Assets/Test Assets/Pointer.prefab
  artifactKey: Guid(cf98108a28ececb4181aa0571c290eab) Importer(815301076,1909f56bfc062723c751e8b465ee728b)
Start importing Assets/Test Assets/Pointer.prefab using Guid(cf98108a28ececb4181aa0571c290eab) Importer(815301076,1909f56bfc062723c751e8b465ee728b)  -> (artifact id: 'aa17caef106a0d14cc90174cf573b582') in 0.020805 seconds 
  Import took 0.026859 seconds .

========================================================================
Received Import Request.
  Time since last request: 3.819456 seconds.
  path: Assets/Test Assets/Pointer.prefab
  artifactKey: Guid(cf98108a28ececb4181aa0571c290eab) Importer(815301076,1909f56bfc062723c751e8b465ee728b)
Start importing Assets/Test Assets/Pointer.prefab using Guid(cf98108a28ececb4181aa0571c290eab) Importer(815301076,1909f56bfc062723c751e8b465ee728b)  -> (artifact id: 'a34fc9d86aac8c86cb895436509051a8') in 0.019031 seconds 
  Import took 0.025074 seconds .

========================================================================
Received Import Request.
  Time since last request: 1.985557 seconds.
  path: Assets/Test Assets/Pointer.prefab
  artifactKey: Guid(cf98108a28ececb4181aa0571c290eab) Importer(815301076,1909f56bfc062723c751e8b465ee728b)
Start importing Assets/Test Assets/Pointer.prefab using Guid(cf98108a28ececb4181aa0571c290eab) Importer(815301076,1909f56bfc062723c751e8b465ee728b)  -> (artifact id: '11f921d82ec6d137cb3bb98eb014efe7') in 0.017731 seconds 
  Import took 0.024257 seconds .

========================================================================
Received Import Request.
  Time since last request: 2.403591 seconds.
  path: Assets/Test Assets/Pointer.prefab
  artifactKey: Guid(cf98108a28ececb4181aa0571c290eab) Importer(815301076,1909f56bfc062723c751e8b465ee728b)
Start importing Assets/Test Assets/Pointer.prefab using Guid(cf98108a28ececb4181aa0571c290eab) Importer(815301076,1909f56bfc062723c751e8b465ee728b)  -> (artifact id: 'ba6c1d522ad6cf9a66696df5e8d55023') in 0.019712 seconds 
  Import took 0.024932 seconds .

========================================================================
Received Import Request.
  Time since last request: 3.002727 seconds.
  path: Assets/Test Assets/Pointer.prefab
  artifactKey: Guid(cf98108a28ececb4181aa0571c290eab) Importer(815301076,1909f56bfc062723c751e8b465ee728b)
Start importing Assets/Test Assets/Pointer.prefab using Guid(cf98108a28ececb4181aa0571c290eab) Importer(815301076,1909f56bfc062723c751e8b465ee728b)  -> (artifact id: 'f989325f43f3e461729c1c4f60531579') in 0.019561 seconds 
  Import took 0.026021 seconds .

========================================================================
Received Import Request.
  Time since last request: 3.799623 seconds.
  path: Assets/Test Assets/Pointer.prefab
  artifactKey: Guid(cf98108a28ececb4181aa0571c290eab) Importer(815301076,1909f56bfc062723c751e8b465ee728b)
Start importing Assets/Test Assets/Pointer.prefab using Guid(cf98108a28ececb4181aa0571c290eab) Importer(815301076,1909f56bfc062723c751e8b465ee728b)  -> (artifact id: '9adf040bd9fd3aa45cc91f0b529372e4') in 0.024458 seconds 
  Import took 0.029973 seconds .

========================================================================
Received Import Request.
  Time since last request: 3.177870 seconds.
  path: Assets/Test Assets/Pointer.prefab
  artifactKey: Guid(cf98108a28ececb4181aa0571c290eab) Importer(815301076,1909f56bfc062723c751e8b465ee728b)
Start importing Assets/Test Assets/Pointer.prefab using Guid(cf98108a28ececb4181aa0571c290eab) Importer(815301076,1909f56bfc062723c751e8b465ee728b)  -> (artifact id: '7ff2dc95600dd3f5719a3034f8991310') in 0.017365 seconds 
  Import took 0.022222 seconds .

========================================================================
Received Import Request.
  Time since last request: 5.618203 seconds.
  path: Assets/Test Assets/Pointer.prefab
  artifactKey: Guid(cf98108a28ececb4181aa0571c290eab) Importer(815301076,1909f56bfc062723c751e8b465ee728b)
Start importing Assets/Test Assets/Pointer.prefab using Guid(cf98108a28ececb4181aa0571c290eab) Importer(815301076,1909f56bfc062723c751e8b465ee728b)  -> (artifact id: '4ea3198f6d4920544b4b1bfa8e7de21c') in 0.018791 seconds 
  Import took 0.023851 seconds .

========================================================================
Received Import Request.
  Time since last request: 2.404238 seconds.
  path: Assets/Test Assets/Pointer.prefab
  artifactKey: Guid(cf98108a28ececb4181aa0571c290eab) Importer(815301076,1909f56bfc062723c751e8b465ee728b)
Start importing Assets/Test Assets/Pointer.prefab using Guid(cf98108a28ececb4181aa0571c290eab) Importer(815301076,1909f56bfc062723c751e8b465ee728b)  -> (artifact id: 'f02685bfc8990074ff8655f56057336d') in 0.017782 seconds 
  Import took 0.023427 seconds .

========================================================================
Received Import Request.
  Time since last request: 2.997755 seconds.
  path: Assets/Test Assets/Pointer.prefab
  artifactKey: Guid(cf98108a28ececb4181aa0571c290eab) Importer(815301076,1909f56bfc062723c751e8b465ee728b)
Start importing Assets/Test Assets/Pointer.prefab using Guid(cf98108a28ececb4181aa0571c290eab) Importer(815301076,1909f56bfc062723c751e8b465ee728b)  -> (artifact id: '5092685d117ae19a7f13ee46c7e942a7') in 0.017037 seconds 
  Import took 0.021653 seconds .

========================================================================
Received Import Request.
  Time since last request: 3.390995 seconds.
  path: Assets/Test Assets/Pointer.prefab
  artifactKey: Guid(cf98108a28ececb4181aa0571c290eab) Importer(815301076,1909f56bfc062723c751e8b465ee728b)
Start importing Assets/Test Assets/Pointer.prefab using Guid(cf98108a28ececb4181aa0571c290eab) Importer(815301076,1909f56bfc062723c751e8b465ee728b)  -> (artifact id: 'df4a95e6938ff32f7e34870122799ea7') in 0.017022 seconds 
  Import took 0.021812 seconds .

========================================================================
Received Import Request.
  Time since last request: 3.864347 seconds.
  path: Assets/Test Assets/Pointer.prefab
  artifactKey: Guid(cf98108a28ececb4181aa0571c290eab) Importer(815301076,1909f56bfc062723c751e8b465ee728b)
Start importing Assets/Test Assets/Pointer.prefab using Guid(cf98108a28ececb4181aa0571c290eab) Importer(815301076,1909f56bfc062723c751e8b465ee728b)  -> (artifact id: 'fe2c2e18f6137e9d2729dd652dcaef23') in 0.022425 seconds 
  Import took 0.028867 seconds .

========================================================================
Received Import Request.
  Time since last request: 0.744165 seconds.
  path: Assets/Test Assets/Pointer.prefab
  artifactKey: Guid(cf98108a28ececb4181aa0571c290eab) Importer(815301076,1909f56bfc062723c751e8b465ee728b)
Start importing Assets/Test Assets/Pointer.prefab using Guid(cf98108a28ececb4181aa0571c290eab) Importer(815301076,1909f56bfc062723c751e8b465ee728b)  -> (artifact id: 'a46f44c211866ab80a7b9a6a4d1d6db6') in 0.016618 seconds 
  Import took 0.021683 seconds .

========================================================================
Received Import Request.
  Time since last request: 2.202956 seconds.
  path: Assets/Test Assets/Pointer.prefab
  artifactKey: Guid(cf98108a28ececb4181aa0571c290eab) Importer(815301076,1909f56bfc062723c751e8b465ee728b)
Start importing Assets/Test Assets/Pointer.prefab using Guid(cf98108a28ececb4181aa0571c290eab) Importer(815301076,1909f56bfc062723c751e8b465ee728b)  -> (artifact id: 'feb8107d031368db1296b4279d91bf0e') in 0.019577 seconds 
  Import took 0.024892 seconds .

========================================================================
Received Import Request.
  Time since last request: 5.007345 seconds.
  path: Assets/Test Assets/Pointer.prefab
  artifactKey: Guid(cf98108a28ececb4181aa0571c290eab) Importer(815301076,1909f56bfc062723c751e8b465ee728b)
Start importing Assets/Test Assets/Pointer.prefab using Guid(cf98108a28ececb4181aa0571c290eab) Importer(815301076,1909f56bfc062723c751e8b465ee728b)  -> (artifact id: '9f64c8fc1c0d304f0e7bc777d82d4b4f') in 0.020153 seconds 
  Import took 0.026386 seconds .

========================================================================
Received Import Request.
  Time since last request: 3.801972 seconds.
  path: Assets/Test Assets/Pointer.prefab
  artifactKey: Guid(cf98108a28ececb4181aa0571c290eab) Importer(815301076,1909f56bfc062723c751e8b465ee728b)
Start importing Assets/Test Assets/Pointer.prefab using Guid(cf98108a28ececb4181aa0571c290eab) Importer(815301076,1909f56bfc062723c751e8b465ee728b)  -> (artifact id: 'd357c09d49344ef3baaf2524dafc71a7') in 0.017186 seconds 
  Import took 0.022252 seconds .

========================================================================
Received Import Request.
  Time since last request: 4.010656 seconds.
  path: Assets/Test Assets/Pointer.prefab
  artifactKey: Guid(cf98108a28ececb4181aa0571c290eab) Importer(815301076,1909f56bfc062723c751e8b465ee728b)
Start importing Assets/Test Assets/Pointer.prefab using Guid(cf98108a28ececb4181aa0571c290eab) Importer(815301076,1909f56bfc062723c751e8b465ee728b)  -> (artifact id: 'd8f83978f325bbad16096d438d91d771') in 0.017149 seconds 
  Import took 0.022332 seconds .

========================================================================
Received Import Request.
  Time since last request: 1.605065 seconds.
  path: Assets/Test Assets/Pointer.prefab
  artifactKey: Guid(cf98108a28ececb4181aa0571c290eab) Importer(815301076,1909f56bfc062723c751e8b465ee728b)
Start importing Assets/Test Assets/Pointer.prefab using Guid(cf98108a28ececb4181aa0571c290eab) Importer(815301076,1909f56bfc062723c751e8b465ee728b)  -> (artifact id: '7bb1b8326d8afb45eb00dfe26c7ade77') in 0.019510 seconds 
  Import took 0.025987 seconds .

========================================================================
Received Import Request.
  Time since last request: 4.214232 seconds.
  path: Assets/Test Assets/Pointer.prefab
  artifactKey: Guid(cf98108a28ececb4181aa0571c290eab) Importer(815301076,1909f56bfc062723c751e8b465ee728b)
Start importing Assets/Test Assets/Pointer.prefab using Guid(cf98108a28ececb4181aa0571c290eab) Importer(815301076,1909f56bfc062723c751e8b465ee728b)  -> (artifact id: '7d4150c4c5be8abe6c0a2aa153b7fc8b') in 0.026352 seconds 
  Import took 0.031651 seconds .

========================================================================
Received Import Request.
  Time since last request: 2.184931 seconds.
  path: Assets/Test Assets/Pointer.prefab
  artifactKey: Guid(cf98108a28ececb4181aa0571c290eab) Importer(815301076,1909f56bfc062723c751e8b465ee728b)
Start importing Assets/Test Assets/Pointer.prefab using Guid(cf98108a28ececb4181aa0571c290eab) Importer(815301076,1909f56bfc062723c751e8b465ee728b)  -> (artifact id: '5946036703fb65fe87d65485c617eaa9') in 0.017278 seconds 
  Import took 0.022260 seconds .

========================================================================
Received Import Request.
  Time since last request: 5.450037 seconds.
  path: Assets/Test Assets/Pointer.prefab
  artifactKey: Guid(cf98108a28ececb4181aa0571c290eab) Importer(815301076,1909f56bfc062723c751e8b465ee728b)
Start importing Assets/Test Assets/Pointer.prefab using Guid(cf98108a28ececb4181aa0571c290eab) Importer(815301076,1909f56bfc062723c751e8b465ee728b)  -> (artifact id: 'b60c1219d717716434602bf9187097a3') in 0.023112 seconds 
  Import took 0.028461 seconds .

========================================================================
Received Import Request.
  Time since last request: 2.783536 seconds.
  path: Assets/Test Assets/Pointer.prefab
  artifactKey: Guid(cf98108a28ececb4181aa0571c290eab) Importer(815301076,1909f56bfc062723c751e8b465ee728b)
Start importing Assets/Test Assets/Pointer.prefab using Guid(cf98108a28ececb4181aa0571c290eab) Importer(815301076,1909f56bfc062723c751e8b465ee728b)  -> (artifact id: '84a70b2b25fc7d6f02a0d69203867e9e') in 0.022577 seconds 
  Import took 0.026633 seconds .

========================================================================
Received Import Request.
  Time since last request: 15.296568 seconds.
  path: Assets/Test Assets/Pointer.prefab
  artifactKey: Guid(cf98108a28ececb4181aa0571c290eab) Importer(815301076,1909f56bfc062723c751e8b465ee728b)
Start importing Assets/Test Assets/Pointer.prefab using Guid(cf98108a28ececb4181aa0571c290eab) Importer(815301076,1909f56bfc062723c751e8b465ee728b)  -> (artifact id: 'bd9f7f7e09ab8975bfdde85b22866b13') in 0.020930 seconds 
  Import took 0.026528 seconds .

========================================================================
Received Import Request.
  Time since last request: 1.182928 seconds.
  path: Assets/Test Assets/Pointer.prefab
  artifactKey: Guid(cf98108a28ececb4181aa0571c290eab) Importer(815301076,1909f56bfc062723c751e8b465ee728b)
Start importing Assets/Test Assets/Pointer.prefab using Guid(cf98108a28ececb4181aa0571c290eab) Importer(815301076,1909f56bfc062723c751e8b465ee728b)  -> (artifact id: 'a24984ec4cc6954d865d45a3cefbc2e6') in 0.023763 seconds 
  Import took 0.029622 seconds .

========================================================================
Received Import Request.
  Time since last request: 1.379463 seconds.
  path: Assets/Test Assets/Pointer.prefab
  artifactKey: Guid(cf98108a28ececb4181aa0571c290eab) Importer(815301076,1909f56bfc062723c751e8b465ee728b)
Start importing Assets/Test Assets/Pointer.prefab using Guid(cf98108a28ececb4181aa0571c290eab) Importer(815301076,1909f56bfc062723c751e8b465ee728b)  -> (artifact id: '5b0c5239877fb8fc2b9416a9af0df3f3') in 0.016620 seconds 
  Import took 0.021739 seconds .

========================================================================
Received Import Request.
  Time since last request: 4.620176 seconds.
  path: Assets/Test Assets/Pointer.prefab
  artifactKey: Guid(cf98108a28ececb4181aa0571c290eab) Importer(815301076,1909f56bfc062723c751e8b465ee728b)
Start importing Assets/Test Assets/Pointer.prefab using Guid(cf98108a28ececb4181aa0571c290eab) Importer(815301076,1909f56bfc062723c751e8b465ee728b)  -> (artifact id: '31c3ae35ba4dfbd557f3728381e450a4') in 0.017921 seconds 
  Import took 0.023181 seconds .

========================================================================
Received Import Request.
  Time since last request: 24.011855 seconds.
  path: Assets/Materials/Asset Materials/Pointer Red.mat
  artifactKey: Guid(2d95fc6d27a55cd4a9db8f635b9811f8) Importer(815301076,1909f56bfc062723c751e8b465ee728b)
Start importing Assets/Materials/Asset Materials/Pointer Red.mat using Guid(2d95fc6d27a55cd4a9db8f635b9811f8) Importer(815301076,1909f56bfc062723c751e8b465ee728b)  -> (artifact id: '741625de50a119bcb38a83c668aeaf1f') in 0.052159 seconds 
  Import took 0.057653 seconds .

========================================================================
Received Import Request.
  Time since last request: 14.380497 seconds.
  path: Assets/Test Assets/Pointer.prefab
  artifactKey: Guid(cf98108a28ececb4181aa0571c290eab) Importer(815301076,1909f56bfc062723c751e8b465ee728b)
Start importing Assets/Test Assets/Pointer.prefab using Guid(cf98108a28ececb4181aa0571c290eab) Importer(815301076,1909f56bfc062723c751e8b465ee728b)  -> (artifact id: 'dad04dc8ae792bccd018bef180ae20b9') in 0.010980 seconds 
  Import took 0.016455 seconds .

========================================================================
Received Import Request.
  Time since last request: 298.211917 seconds.
  path: Assets/Test Assets/Test_Rifle.prefab
  artifactKey: Guid(0c21d104c8bcd1c44bbe0a491a99feed) Importer(815301076,1909f56bfc062723c751e8b465ee728b)
Start importing Assets/Test Assets/Test_Rifle.prefab using Guid(0c21d104c8bcd1c44bbe0a491a99feed) Importer(815301076,1909f56bfc062723c751e8b465ee728b)  -> (artifact id: 'fd6b6f766eb0e8eec7364f05286c90bd') in 0.069191 seconds 
  Import took 0.074134 seconds .

========================================================================
Received Import Request.
  Time since last request: 5.479284 seconds.
  path: Assets/Test Assets/Test_Rifle.prefab
  artifactKey: Guid(0c21d104c8bcd1c44bbe0a491a99feed) Importer(815301076,1909f56bfc062723c751e8b465ee728b)
Start importing Assets/Test Assets/Test_Rifle.prefab using Guid(0c21d104c8bcd1c44bbe0a491a99feed) Importer(815301076,1909f56bfc062723c751e8b465ee728b)  -> (artifact id: 'dc9745ba997956bee6235e506caa696e') in 0.014822 seconds 
  Import took 0.020278 seconds .

========================================================================
Received Import Request.
  Time since last request: 1.599262 seconds.
  path: Assets/Test Assets/Test_Rifle.prefab
  artifactKey: Guid(0c21d104c8bcd1c44bbe0a491a99feed) Importer(815301076,1909f56bfc062723c751e8b465ee728b)
Start importing Assets/Test Assets/Test_Rifle.prefab using Guid(0c21d104c8bcd1c44bbe0a491a99feed) Importer(815301076,1909f56bfc062723c751e8b465ee728b)  -> (artifact id: '99c0aa0598ed85bc5809fdec590f42ff') in 0.014910 seconds 
  Import took 0.020503 seconds .

========================================================================
Received Import Request.
  Time since last request: 5.865335 seconds.
  path: Assets/Test Assets/Test_Rifle.prefab
  artifactKey: Guid(0c21d104c8bcd1c44bbe0a491a99feed) Importer(815301076,1909f56bfc062723c751e8b465ee728b)
Start importing Assets/Test Assets/Test_Rifle.prefab using Guid(0c21d104c8bcd1c44bbe0a491a99feed) Importer(815301076,1909f56bfc062723c751e8b465ee728b)  -> (artifact id: '85a2e6872dffb8cf350781bc3ff474e5') in 0.013574 seconds 
  Import took 0.019056 seconds .

========================================================================
Received Prepare
Registering precompiled user dll's ...
Registered in 0.017990 seconds.
Begin MonoManager ReloadAssembly
Native extension for WindowsStandalone target not found
Refreshing native plugins compatible for Editor in 1.04 ms, found 10 plugins.
Preloading 0 native plugins for Editor in 0.00 ms.
Mono: successfully reloaded assembly
- Completed reload, in  1.661 seconds
Domain Reload Profiling:
	ReloadAssembly (1662ms)
		BeginReloadAssembly (155ms)
			ExecutionOrderSort (0ms)
			DisableScriptedObjects (6ms)
			BackupInstance (0ms)
			ReleaseScriptingObjects (0ms)
			CreateAndSetChildDomain (47ms)
		EndReloadAssembly (1423ms)
			LoadAssemblies (137ms)
			RebuildTransferFunctionScriptingTraits (0ms)
			SetupTypeCache (437ms)
			ReleaseScriptCaches (1ms)
			RebuildScriptCaches (49ms)
			SetupLoadedEditorAssemblies (655ms)
				LogAssemblyErrors (0ms)
				InitializePlatformSupportModulesInManaged (6ms)
				SetLoadedEditorAssemblies (1ms)
				RefreshPlugins (1ms)
				BeforeProcessingInitializeOnLoad (142ms)
				ProcessInitializeOnLoadAttributes (464ms)
				ProcessInitializeOnLoadMethodAttributes (25ms)
				AfterProcessingInitializeOnLoad (15ms)
				EditorAssembliesLoaded (1ms)
			ExecutionOrderSort2 (0ms)
			AwakeInstancesAfterBackupRestoration (15ms)
Platform modules already initialized, skipping
Refreshing native plugins compatible for Editor in 1.76 ms, found 10 plugins.
Preloading 0 native plugins for Editor in 0.00 ms.
Unloading 2211 Unused Serialized files (Serialized files now loaded: 0)
System memory in use before: 98.9 MB.
System memory in use after: 99.1 MB.

Unloading 37 unused Assets to reduce memory usage. Loaded Objects now: 2747.
Total: 5.601400 ms (FindLiveObjects: 0.267600 ms CreateObjectMapping: 0.091900 ms MarkObjects: 5.161600 ms  DeleteObjects: 0.078900 ms)

AssetImportParameters requested are different than current active one (requested -> active):
  custom:framework-win-MediaFoundation: 216162199b28c13a410421893ffa2e32 -> 
  custom:video-decoder-ogg-theora: a1e56fd34408186e4bbccfd4996cb3dc -> 
  custom:container-muxer-webm: aa71ff27fc2769a1b78a27578f13a17b -> 
  custom:container-demuxer-webm: 4f35f7cbe854078d1ac9338744f61a02 -> 
  custom:container-demuxer-ogg: 62fdf1f143b41e24485cea50d1cbac27 -> 
  custom:video-encoder-webm-vp8: eb34c28f22e8b96e1ab97ce403110664 -> 
  custom:video-codec-MediaFoundation-h265: 746d11721c4dcdbdad8f713fa42b33f4 -> 
  custom:video-decoder-webm-vp8: 9c59270c3fd7afecdb556c50c9e8de78 -> 
  custom:audio-decoder-ogg-vorbis: bf7c407c2cedff20999df2af8eb42d56 -> 
  custom:audio-encoder-webm-vorbis: bf7c407c2cedff20999df2af8eb42d56 -> 
========================================================================
Received Import Request.
  Time since last request: 388.528702 seconds.
  path: Assets/Won.png
  artifactKey: Guid(a85c7d42046361d4a8d36a61bbd12f26) Importer(815301076,1909f56bfc062723c751e8b465ee728b)
Start importing Assets/Won.png using Guid(a85c7d42046361d4a8d36a61bbd12f26) Importer(815301076,1909f56bfc062723c751e8b465ee728b)  -> (artifact id: '359a25213683c493d809dc2f5937657f') in 0.076091 seconds 
  Import took 0.081125 seconds .

========================================================================
Received Import Request.
  Time since last request: 13.171118 seconds.
  path: Assets/Won.png
  artifactKey: Guid(a85c7d42046361d4a8d36a61bbd12f26) Importer(815301076,1909f56bfc062723c751e8b465ee728b)
Start importing Assets/Won.png using Guid(a85c7d42046361d4a8d36a61bbd12f26) Importer(815301076,1909f56bfc062723c751e8b465ee728b)  -> (artifact id: 'b7e319448e1c90228a23fb6437369b0e') in 0.044695 seconds 
  Import took 0.050050 seconds .

========================================================================
Received Prepare
Registering precompiled user dll's ...
Registered in 0.021654 seconds.
Begin MonoManager ReloadAssembly
Native extension for WindowsStandalone target not found
Refreshing native plugins compatible for Editor in 1.04 ms, found 10 plugins.
Preloading 0 native plugins for Editor in 0.00 ms.
Mono: successfully reloaded assembly
- Completed reload, in  1.318 seconds
Domain Reload Profiling:
	ReloadAssembly (1319ms)
		BeginReloadAssembly (158ms)
			ExecutionOrderSort (0ms)
			DisableScriptedObjects (5ms)
			BackupInstance (0ms)
			ReleaseScriptingObjects (0ms)
			CreateAndSetChildDomain (44ms)
		EndReloadAssembly (1077ms)
			LoadAssemblies (145ms)
			RebuildTransferFunctionScriptingTraits (0ms)
			SetupTypeCache (367ms)
			ReleaseScriptCaches (1ms)
			RebuildScriptCaches (52ms)
			SetupLoadedEditorAssemblies (393ms)
				LogAssemblyErrors (0ms)
				InitializePlatformSupportModulesInManaged (5ms)
				SetLoadedEditorAssemblies (1ms)
				RefreshPlugins (1ms)
				BeforeProcessingInitializeOnLoad (92ms)
				ProcessInitializeOnLoadAttributes (272ms)
				ProcessInitializeOnLoadMethodAttributes (13ms)
				AfterProcessingInitializeOnLoad (8ms)
				EditorAssembliesLoaded (0ms)
			ExecutionOrderSort2 (0ms)
			AwakeInstancesAfterBackupRestoration (7ms)
Platform modules already initialized, skipping
Refreshing native plugins compatible for Editor in 0.95 ms, found 10 plugins.
Preloading 0 native plugins for Editor in 0.00 ms.
Unloading 2212 Unused Serialized files (Serialized files now loaded: 0)
System memory in use before: 98.9 MB.
System memory in use after: 99.1 MB.

Unloading 34 unused Assets to reduce memory usage. Loaded Objects now: 2756.
Total: 3.710100 ms (FindLiveObjects: 0.222700 ms CreateObjectMapping: 0.070400 ms MarkObjects: 3.386700 ms  DeleteObjects: 0.029300 ms)

AssetImportParameters requested are different than current active one (requested -> active):
  custom:framework-win-MediaFoundation: 216162199b28c13a410421893ffa2e32 -> 
  custom:video-decoder-ogg-theora: a1e56fd34408186e4bbccfd4996cb3dc -> 
  custom:container-muxer-webm: aa71ff27fc2769a1b78a27578f13a17b -> 
  custom:container-demuxer-webm: 4f35f7cbe854078d1ac9338744f61a02 -> 
  custom:container-demuxer-ogg: 62fdf1f143b41e24485cea50d1cbac27 -> 
  custom:video-encoder-webm-vp8: eb34c28f22e8b96e1ab97ce403110664 -> 
  custom:video-codec-MediaFoundation-h265: 746d11721c4dcdbdad8f713fa42b33f4 -> 
  custom:video-decoder-webm-vp8: 9c59270c3fd7afecdb556c50c9e8de78 -> 
  custom:audio-decoder-ogg-vorbis: bf7c407c2cedff20999df2af8eb42d56 -> 
  custom:audio-encoder-webm-vorbis: bf7c407c2cedff20999df2af8eb42d56 -> 
========================================================================
Received Prepare
Registering precompiled user dll's ...
Registered in 0.017285 seconds.
Begin MonoManager ReloadAssembly
Native extension for WindowsStandalone target not found
Refreshing native plugins compatible for Editor in 0.96 ms, found 10 plugins.
Preloading 0 native plugins for Editor in 0.00 ms.
Mono: successfully reloaded assembly
- Completed reload, in  1.302 seconds
Domain Reload Profiling:
	ReloadAssembly (1303ms)
		BeginReloadAssembly (141ms)
			ExecutionOrderSort (0ms)
			DisableScriptedObjects (7ms)
			BackupInstance (0ms)
			ReleaseScriptingObjects (0ms)
			CreateAndSetChildDomain (40ms)
		EndReloadAssembly (1083ms)
			LoadAssemblies (132ms)
			RebuildTransferFunctionScriptingTraits (0ms)
			SetupTypeCache (414ms)
			ReleaseScriptCaches (1ms)
			RebuildScriptCaches (40ms)
			SetupLoadedEditorAssemblies (408ms)
				LogAssemblyErrors (0ms)
				InitializePlatformSupportModulesInManaged (4ms)
				SetLoadedEditorAssemblies (0ms)
				RefreshPlugins (1ms)
				BeforeProcessingInitializeOnLoad (84ms)
				ProcessInitializeOnLoadAttributes (297ms)
				ProcessInitializeOnLoadMethodAttributes (13ms)
				AfterProcessingInitializeOnLoad (8ms)
				EditorAssembliesLoaded (0ms)
			ExecutionOrderSort2 (0ms)
			AwakeInstancesAfterBackupRestoration (7ms)
Platform modules already initialized, skipping
Refreshing native plugins compatible for Editor in 0.99 ms, found 10 plugins.
Preloading 0 native plugins for Editor in 0.00 ms.
Unloading 2212 Unused Serialized files (Serialized files now loaded: 0)
System memory in use before: 98.9 MB.
System memory in use after: 99.1 MB.

Unloading 34 unused Assets to reduce memory usage. Loaded Objects now: 2759.
Total: 3.847400 ms (FindLiveObjects: 0.225700 ms CreateObjectMapping: 0.078000 ms MarkObjects: 3.513100 ms  DeleteObjects: 0.029800 ms)

AssetImportParameters requested are different than current active one (requested -> active):
  custom:framework-win-MediaFoundation: 216162199b28c13a410421893ffa2e32 -> 
  custom:video-decoder-ogg-theora: a1e56fd34408186e4bbccfd4996cb3dc -> 
  custom:container-muxer-webm: aa71ff27fc2769a1b78a27578f13a17b -> 
  custom:container-demuxer-webm: 4f35f7cbe854078d1ac9338744f61a02 -> 
  custom:container-demuxer-ogg: 62fdf1f143b41e24485cea50d1cbac27 -> 
  custom:video-encoder-webm-vp8: eb34c28f22e8b96e1ab97ce403110664 -> 
  custom:video-codec-MediaFoundation-h265: 746d11721c4dcdbdad8f713fa42b33f4 -> 
  custom:video-decoder-webm-vp8: 9c59270c3fd7afecdb556c50c9e8de78 -> 
  custom:audio-decoder-ogg-vorbis: bf7c407c2cedff20999df2af8eb42d56 -> 
  custom:audio-encoder-webm-vorbis: bf7c407c2cedff20999df2af8eb42d56 -> 
========================================================================
Received Prepare
Registering precompiled user dll's ...
Registered in 0.012949 seconds.
Begin MonoManager ReloadAssembly
Native extension for WindowsStandalone target not found
Refreshing native plugins compatible for Editor in 1.00 ms, found 10 plugins.
Preloading 0 native plugins for Editor in 0.00 ms.
Mono: successfully reloaded assembly
- Completed reload, in  1.519 seconds
Domain Reload Profiling:
	ReloadAssembly (1520ms)
		BeginReloadAssembly (170ms)
			ExecutionOrderSort (0ms)
			DisableScriptedObjects (13ms)
			BackupInstance (0ms)
			ReleaseScriptingObjects (0ms)
			CreateAndSetChildDomain (33ms)
		EndReloadAssembly (1207ms)
			LoadAssemblies (165ms)
			RebuildTransferFunctionScriptingTraits (0ms)
			SetupTypeCache (405ms)
			ReleaseScriptCaches (2ms)
			RebuildScriptCaches (58ms)
			SetupLoadedEditorAssemblies (471ms)
				LogAssemblyErrors (0ms)
				InitializePlatformSupportModulesInManaged (5ms)
				SetLoadedEditorAssemblies (1ms)
				RefreshPlugins (1ms)
				BeforeProcessingInitializeOnLoad (107ms)
				ProcessInitializeOnLoadAttributes (331ms)
				ProcessInitializeOnLoadMethodAttributes (16ms)
				AfterProcessingInitializeOnLoad (11ms)
				EditorAssembliesLoaded (0ms)
			ExecutionOrderSort2 (0ms)
			AwakeInstancesAfterBackupRestoration (9ms)
Platform modules already initialized, skipping
Refreshing native plugins compatible for Editor in 1.41 ms, found 10 plugins.
Preloading 0 native plugins for Editor in 0.00 ms.
Unloading 2212 Unused Serialized files (Serialized files now loaded: 0)
System memory in use before: 98.9 MB.
System memory in use after: 99.1 MB.

Unloading 34 unused Assets to reduce memory usage. Loaded Objects now: 2762.
Total: 5.858000 ms (FindLiveObjects: 0.320200 ms CreateObjectMapping: 0.095100 ms MarkObjects: 5.400500 ms  DeleteObjects: 0.040700 ms)

AssetImportParameters requested are different than current active one (requested -> active):
  custom:framework-win-MediaFoundation: 216162199b28c13a410421893ffa2e32 -> 
  custom:video-decoder-ogg-theora: a1e56fd34408186e4bbccfd4996cb3dc -> 
  custom:container-muxer-webm: aa71ff27fc2769a1b78a27578f13a17b -> 
  custom:container-demuxer-webm: 4f35f7cbe854078d1ac9338744f61a02 -> 
  custom:container-demuxer-ogg: 62fdf1f143b41e24485cea50d1cbac27 -> 
  custom:video-encoder-webm-vp8: eb34c28f22e8b96e1ab97ce403110664 -> 
  custom:video-codec-MediaFoundation-h265: 746d11721c4dcdbdad8f713fa42b33f4 -> 
  custom:video-decoder-webm-vp8: 9c59270c3fd7afecdb556c50c9e8de78 -> 
  custom:audio-decoder-ogg-vorbis: bf7c407c2cedff20999df2af8eb42d56 -> 
  custom:audio-encoder-webm-vorbis: bf7c407c2cedff20999df2af8eb42d56 -> 
========================================================================
Received Prepare
Registering precompiled user dll's ...
Registered in 0.016488 seconds.
Begin MonoManager ReloadAssembly
Native extension for WindowsStandalone target not found
Refreshing native plugins compatible for Editor in 1.87 ms, found 10 plugins.
Preloading 0 native plugins for Editor in 0.00 ms.
Mono: successfully reloaded assembly
- Completed reload, in  2.192 seconds
Domain Reload Profiling:
	ReloadAssembly (2193ms)
		BeginReloadAssembly (199ms)
			ExecutionOrderSort (0ms)
			DisableScriptedObjects (10ms)
			BackupInstance (0ms)
			ReleaseScriptingObjects (0ms)
			CreateAndSetChildDomain (53ms)
		EndReloadAssembly (1861ms)
			LoadAssemblies (201ms)
			RebuildTransferFunctionScriptingTraits (0ms)
			SetupTypeCache (644ms)
			ReleaseScriptCaches (2ms)
			RebuildScriptCaches (81ms)
			SetupLoadedEditorAssemblies (747ms)
				LogAssemblyErrors (0ms)
				InitializePlatformSupportModulesInManaged (9ms)
				SetLoadedEditorAssemblies (1ms)
				RefreshPlugins (2ms)
				BeforeProcessingInitializeOnLoad (172ms)
				ProcessInitializeOnLoadAttributes (528ms)
				ProcessInitializeOnLoadMethodAttributes (18ms)
				AfterProcessingInitializeOnLoad (15ms)
				EditorAssembliesLoaded (0ms)
			ExecutionOrderSort2 (0ms)
			AwakeInstancesAfterBackupRestoration (10ms)
Platform modules already initialized, skipping
Refreshing native plugins compatible for Editor in 1.83 ms, found 10 plugins.
Preloading 0 native plugins for Editor in 0.00 ms.
Unloading 2212 Unused Serialized files (Serialized files now loaded: 0)
System memory in use before: 98.8 MB.
System memory in use after: 99.1 MB.

Unloading 34 unused Assets to reduce memory usage. Loaded Objects now: 2765.
Total: 6.901900 ms (FindLiveObjects: 0.466400 ms CreateObjectMapping: 0.220700 ms MarkObjects: 6.172000 ms  DeleteObjects: 0.040900 ms)

AssetImportParameters requested are different than current active one (requested -> active):
  custom:framework-win-MediaFoundation: 216162199b28c13a410421893ffa2e32 -> 
  custom:video-decoder-ogg-theora: a1e56fd34408186e4bbccfd4996cb3dc -> 
  custom:container-muxer-webm: aa71ff27fc2769a1b78a27578f13a17b -> 
  custom:container-demuxer-webm: 4f35f7cbe854078d1ac9338744f61a02 -> 
  custom:container-demuxer-ogg: 62fdf1f143b41e24485cea50d1cbac27 -> 
  custom:video-encoder-webm-vp8: eb34c28f22e8b96e1ab97ce403110664 -> 
  custom:video-codec-MediaFoundation-h265: 746d11721c4dcdbdad8f713fa42b33f4 -> 
  custom:video-decoder-webm-vp8: 9c59270c3fd7afecdb556c50c9e8de78 -> 
  custom:audio-decoder-ogg-vorbis: bf7c407c2cedff20999df2af8eb42d56 -> 
  custom:audio-encoder-webm-vorbis: bf7c407c2cedff20999df2af8eb42d56 -> 
AssetImportWorkerClient::OnTransportError - code=2 error=End of file
